<?xml version="1.0" encoding="UTF-8"?>
<TestRun id="c50c7353-b68e-487f-b7c8-37e49595d2bf" name="PLOCKE@25GJB51-2 2010-09-21 10:13:11" runUser="MSDOMAIN1\PLOCKE" xmlns="http://microsoft.com/schemas/VisualStudio/TeamTest/2010">
  <TestSettings name="Local" id="f7182292-f7f3-47b9-ab7d-6a0f41f28cfe">
    <Description>These are default test settings for a local test run.</Description>
    <Deployment userDeploymentRoot="C:\Documents and Settings\plocke\My Documents\My Dropbox\SudokuSolver\TestResults" useDefaultDeploymentRoot="false" enabled="false" runDeploymentRoot="PLOCKE_25GJB51-2 2010-09-21 10_13_11">
      <DeploymentItem filename="C:\Documents and Settings\plocke\My Documents\My Dropbox\SudokuSolver\Solver\bin\Debug\Solver.dll" />
    </Deployment>
    <Execution>
      <Timeouts runTimeout="30000" testTimeout="30000" />
      <TestTypeSpecific>
        <UnitTestRunConfig testTypeId="13cdc9d9-ddb5-4fa4-a97d-d965ccfc6d4b">
          <AssemblyResolution>
            <TestDirectory useLoadContext="true" />
          </AssemblyResolution>
        </UnitTestRunConfig>
      </TestTypeSpecific>
      <AgentRule name="Execution Agents">
      </AgentRule>
    </Execution>
  </TestSettings>
  <Times creation="2010-09-21T10:13:11.2075633-05:00" queuing="2010-09-21T10:13:11.3013163-05:00" start="2010-09-21T10:13:11.4263203-05:00" finish="2010-09-21T10:13:13.1920018-05:00" />
  <ResultSummary outcome="Completed">
    <Counters total="1" executed="1" passed="1" error="0" failed="0" timeout="0" aborted="0" inconclusive="0" passedButRunAborted="0" notRunnable="0" notExecuted="0" disconnected="0" warning="0" completed="0" inProgress="0" pending="0" />
  </ResultSummary>
  <TestDefinitions>
    <UnitTest name="solve_evil_with_brute_force_test" storage="c:\documents and settings\plocke\my documents\my dropbox\sudokusolver\tests\bin\debug\tests.dll" id="060079a3-f240-85b7-576f-b9e45c0dbcfb">
      <Execution id="68b9d306-eb65-4307-9440-04ba4976e0bd" />
      <TestMethod codeBase="C:\Documents and Settings\plocke\My Documents\My Dropbox\SudokuSolver\Tests\bin\Debug\Tests.dll" adapterTypeName="Microsoft.VisualStudio.TestTools.TestTypes.Unit.UnitTestAdapter, Microsoft.VisualStudio.QualityTools.Tips.UnitTest.Adapter, Version=10.0.0.0, Culture=neutral, PublicKeyToken=b03f5f7f11d50a3a" className="Tests.SolverTest, Tests" name="solve_evil_with_brute_force_test" />
    </UnitTest>
  </TestDefinitions>
  <TestLists>
    <TestList name="Results Not in a List" id="8c84fa94-04c1-424b-9868-57a2d4851a1d" />
    <TestList name="All Loaded Results" id="19431567-8539-422a-85d7-44ee4e166bda" />
  </TestLists>
  <TestEntries>
    <TestEntry testId="060079a3-f240-85b7-576f-b9e45c0dbcfb" executionId="68b9d306-eb65-4307-9440-04ba4976e0bd" testListId="8c84fa94-04c1-424b-9868-57a2d4851a1d" />
  </TestEntries>
  <Results>
    <UnitTestResult executionId="68b9d306-eb65-4307-9440-04ba4976e0bd" testId="060079a3-f240-85b7-576f-b9e45c0dbcfb" testName="solve_evil_with_brute_force_test" computerName="25GJB51-2" duration="00:00:00.3232928" startTime="2010-09-21T10:13:11.7700813-05:00" endTime="2010-09-21T10:13:12.7076113-05:00" testType="13cdc9d9-ddb5-4fa4-a97d-d965ccfc6d4b" outcome="Passed" testListId="8c84fa94-04c1-424b-9868-57a2d4851a1d" relativeResultsDirectory="68b9d306-eb65-4307-9440-04ba4976e0bd">
      <Output>
        <DebugTrace>57842836561684324351941828583272436167754948245612435639275782391219758436879366786154898341239873952149871821463652869368154469387312148897671489765272526312854236863759598681544383123693519768471214286793295846861542131463786798689253163971129712921483594271812337297667988198386433459127376291219241592223463786796883197112153629712921495829327148681542131463786798689719318129259427381472393625612337299798768368783433421492126719565159192223463786798871973181954221253682914292397138546213823176975486154638312914798765958238219167394523984121397687938615441463831291389876569348297625525869368154463873129147985766689354217529382182394312683729755921555511975954299181377689486386862874132361461571839146839857647829786152592614324138631868292634952749841335967719527598674683829786152613493148139146186832926349529867534187498759183895275967868154634143621394128979183794961475283786518666234199723414752857689286815963414317236148681525758673297614313414164251975954183768986347826143291431215686813952614783876861623419143128878676816341413289723146162138179793861544146383129138987656934829762552539241975368242631729519983175986764983874123126386841923186836862841971594715764319158986386826341931594715769587412995175986746836862841971953641281559548232686168371419767894139813959432868153683715867419724161932841239876872398615476568379138214714316341651958623681547569739138786214714316341651958681239545412376126384638678965957193481527938147291923</DebugTrace>
      </Output>
    </UnitTestResult>
  </Results>
</TestRun>