<?xml version="1.0" encoding="UTF-8"?>
<TestRun id="1871a5f2-96d9-4d2f-a975-b73a392a4641" name="PLOCKE@25GJB51-2 2010-09-21 11:03:10" runUser="MSDOMAIN1\PLOCKE" xmlns="http://microsoft.com/schemas/VisualStudio/TeamTest/2010">
  <TestSettings name="Local" id="f7182292-f7f3-47b9-ab7d-6a0f41f28cfe">
    <Description>These are default test settings for a local test run.</Description>
    <Deployment enabled="false" runDeploymentRoot="PLOCKE_25GJB51-2 2010-09-21 11_03_10">
      <DeploymentItem filename="C:\Documents and Settings\plocke\My Documents\My Dropbox\SudokuSolver\Solver\bin\Debug\Solver.dll" />
    </Deployment>
    <Execution>
      <Timeouts runTimeout="30000" testTimeout="30000" />
      <TestTypeSpecific>
        <UnitTestRunConfig testTypeId="13cdc9d9-ddb5-4fa4-a97d-d965ccfc6d4b">
          <AssemblyResolution>
            <TestDirectory useLoadContext="true" />
          </AssemblyResolution>
        </UnitTestRunConfig>
      </TestTypeSpecific>
      <AgentRule name="Execution Agents">
      </AgentRule>
    </Execution>
  </TestSettings>
  <Times creation="2010-09-21T11:03:10.9910533-05:00" queuing="2010-09-21T11:03:11.0066788-05:00" start="2010-09-21T11:03:11.5691968-05:00" finish="2010-09-21T11:03:16.6787353-05:00" />
  <ResultSummary outcome="Completed">
    <Counters total="29" executed="29" passed="29" error="0" failed="0" timeout="0" aborted="0" inconclusive="0" passedButRunAborted="0" notRunnable="0" notExecuted="0" disconnected="0" warning="0" completed="0" inProgress="0" pending="0" />
  </ResultSummary>
  <TestDefinitions>
    <UnitTest name="Load_Strategies" storage="c:\documents and settings\plocke\my documents\my dropbox\sudokusolver\tests\bin\debug\tests.dll" id="6ab44e7c-e6f7-7a80-6224-ddb7baea7d12">
      <Execution id="80f11c43-d1ed-4cbd-8591-2a68bacd3f2b" />
      <TestMethod codeBase="C:\Documents and Settings\plocke\My Documents\My Dropbox\SudokuSolver\Tests\bin\Debug\Tests.dll" adapterTypeName="Microsoft.VisualStudio.TestTools.TestTypes.Unit.UnitTestAdapter, Microsoft.VisualStudio.QualityTools.Tips.UnitTest.Adapter, Version=10.0.0.0, Culture=neutral, PublicKeyToken=b03f5f7f11d50a3a" className="Tests.SolverTest, Tests" name="Load_Strategies" />
    </UnitTest>
    <UnitTest name="GetMatchingTilesTest" storage="c:\documents and settings\plocke\my documents\my dropbox\sudokusolver\tests\bin\debug\tests.dll" id="1a01e16f-6a16-0a34-4b84-ddc9b631541b">
      <Execution id="74d8387c-248f-4399-84ed-ec68f9f464b3" />
      <TestMethod codeBase="C:\Documents and Settings\plocke\My Documents\My Dropbox\SudokuSolver\Tests\bin\Debug\Tests.dll" adapterTypeName="Microsoft.VisualStudio.TestTools.TestTypes.Unit.UnitTestAdapter, Microsoft.VisualStudio.QualityTools.Tips.UnitTest.Adapter, Version=10.0.0.0, Culture=neutral, PublicKeyToken=b03f5f7f11d50a3a" className="Tests.StrategyTest, Tests" name="GetMatchingTilesTest" />
    </UnitTest>
    <UnitTest name="MyTestInitialize" storage="c:\documents and settings\plocke\my documents\my dropbox\sudokusolver\tests\bin\debug\tests.dll" id="c2a9cb24-da84-dabd-ebef-e715c43ff7ff">
      <Execution id="d7b67e5d-677f-44f5-9623-1aa2787e6b8c" />
      <TestMethod codeBase="C:\Documents and Settings\plocke\My Documents\My Dropbox\SudokuSolver\Tests\bin\Debug\Tests.dll" adapterTypeName="Microsoft.VisualStudio.TestTools.TestTypes.Unit.UnitTestAdapter, Microsoft.VisualStudio.QualityTools.Tips.UnitTest.Adapter, Version=10.0.0.0, Culture=neutral, PublicKeyToken=b03f5f7f11d50a3a" className="Tests.GridTest, Tests" name="MyTestInitialize" />
    </UnitTest>
    <UnitTest name="solve_medium" storage="c:\documents and settings\plocke\my documents\my dropbox\sudokusolver\tests\bin\debug\tests.dll" id="8a260ca6-3ed1-0146-eefb-32c640dcc2c1">
      <Execution id="87957449-935a-466a-96f3-f21f3a0453cf" />
      <TestMethod codeBase="C:\Documents and Settings\plocke\My Documents\My Dropbox\SudokuSolver\Tests\bin\Debug\Tests.dll" adapterTypeName="Microsoft.VisualStudio.TestTools.TestTypes.Unit.UnitTestAdapter, Microsoft.VisualStudio.QualityTools.Tips.UnitTest.Adapter, Version=10.0.0.0, Culture=neutral, PublicKeyToken=b03f5f7f11d50a3a" className="Tests.SolverTest, Tests" name="solve_medium" />
    </UnitTest>
    <UnitTest name="GetUniqueAnswersTest" storage="c:\documents and settings\plocke\my documents\my dropbox\sudokusolver\tests\bin\debug\tests.dll" id="a8ab2788-7bd7-40eb-4191-949ced236ffc">
      <Execution id="eb4ff13f-48b3-4550-9126-b48f821142df" />
      <TestMethod codeBase="C:\Documents and Settings\plocke\My Documents\My Dropbox\SudokuSolver\Tests\bin\Debug\Tests.dll" adapterTypeName="Microsoft.VisualStudio.TestTools.TestTypes.Unit.UnitTestAdapter, Microsoft.VisualStudio.QualityTools.Tips.UnitTest.Adapter, Version=10.0.0.0, Culture=neutral, PublicKeyToken=b03f5f7f11d50a3a" className="Tests.StrategyTest, Tests" name="GetUniqueAnswersTest" />
    </UnitTest>
    <UnitTest name="get_tile_possible_answers" storage="c:\documents and settings\plocke\my documents\my dropbox\sudokusolver\tests\bin\debug\tests.dll" id="42185e4f-fba5-b13e-e87b-bf6ee9f6b57a">
      <Execution id="417742fb-b8a8-4bab-81c8-06ce943441f6" />
      <TestMethod codeBase="C:\Documents and Settings\plocke\My Documents\My Dropbox\SudokuSolver\Tests\bin\Debug\Tests.dll" adapterTypeName="Microsoft.VisualStudio.TestTools.TestTypes.Unit.UnitTestAdapter, Microsoft.VisualStudio.QualityTools.Tips.UnitTest.Adapter, Version=10.0.0.0, Culture=neutral, PublicKeyToken=b03f5f7f11d50a3a" className="Tests.TileTest, Tests" name="get_tile_possible_answers" />
    </UnitTest>
    <UnitTest name="Initialize_Tile" storage="c:\documents and settings\plocke\my documents\my dropbox\sudokusolver\tests\bin\debug\tests.dll" id="ea60075d-4a72-61f9-24cb-77037a7c05a6">
      <Execution id="b0fa2ae5-58c4-4df4-a5ac-b370d4df2b53" />
      <TestMethod codeBase="C:\Documents and Settings\plocke\My Documents\My Dropbox\SudokuSolver\Tests\bin\Debug\Tests.dll" adapterTypeName="Microsoft.VisualStudio.TestTools.TestTypes.Unit.UnitTestAdapter, Microsoft.VisualStudio.QualityTools.Tips.UnitTest.Adapter, Version=10.0.0.0, Culture=neutral, PublicKeyToken=b03f5f7f11d50a3a" className="Tests.TileTest, Tests" name="Initialize_Tile" />
    </UnitTest>
    <UnitTest name="is_solved" storage="c:\documents and settings\plocke\my documents\my dropbox\sudokusolver\tests\bin\debug\tests.dll" id="80123aba-588b-d529-f865-401414bce5fe">
      <Execution id="0de2473e-b2c0-4bd9-bb17-107730a02d3f" />
      <TestMethod codeBase="C:\Documents and Settings\plocke\My Documents\My Dropbox\SudokuSolver\Tests\bin\Debug\Tests.dll" adapterTypeName="Microsoft.VisualStudio.TestTools.TestTypes.Unit.UnitTestAdapter, Microsoft.VisualStudio.QualityTools.Tips.UnitTest.Adapter, Version=10.0.0.0, Culture=neutral, PublicKeyToken=b03f5f7f11d50a3a" className="Tests.GridTest, Tests" name="is_solved" />
    </UnitTest>
    <UnitTest name="get_tile_answer_negative" storage="c:\documents and settings\plocke\my documents\my dropbox\sudokusolver\tests\bin\debug\tests.dll" id="45956fa6-1f6e-e559-2fa3-9cb9e4462286">
      <Execution id="079b68e0-5911-4dfd-a1e3-6dabf263cb60" />
      <TestMethod codeBase="C:\Documents and Settings\plocke\My Documents\My Dropbox\SudokuSolver\Tests\bin\Debug\Tests.dll" adapterTypeName="Microsoft.VisualStudio.TestTools.TestTypes.Unit.UnitTestAdapter, Microsoft.VisualStudio.QualityTools.Tips.UnitTest.Adapter, Version=10.0.0.0, Culture=neutral, PublicKeyToken=b03f5f7f11d50a3a" className="Tests.TileTest, Tests" name="get_tile_answer_negative" />
    </UnitTest>
    <UnitTest name="find_row" storage="c:\documents and settings\plocke\my documents\my dropbox\sudokusolver\tests\bin\debug\tests.dll" id="91a3a51f-4ca5-d33c-0a7c-fb35883de1f1">
      <Execution id="c54b6191-7e38-4769-be90-6846f8dc8ebb" />
      <TestMethod codeBase="C:\Documents and Settings\plocke\My Documents\My Dropbox\SudokuSolver\Tests\bin\Debug\Tests.dll" adapterTypeName="Microsoft.VisualStudio.TestTools.TestTypes.Unit.UnitTestAdapter, Microsoft.VisualStudio.QualityTools.Tips.UnitTest.Adapter, Version=10.0.0.0, Culture=neutral, PublicKeyToken=b03f5f7f11d50a3a" className="Tests.GridTest, Tests" name="find_row" />
    </UnitTest>
    <UnitTest name="find_tile" storage="c:\documents and settings\plocke\my documents\my dropbox\sudokusolver\tests\bin\debug\tests.dll" id="3516c277-bcf6-13ac-9e1d-43b24459828b">
      <Execution id="e3e08df4-f712-4c29-a084-41de20b3a2a9" />
      <TestMethod codeBase="C:\Documents and Settings\plocke\My Documents\My Dropbox\SudokuSolver\Tests\bin\Debug\Tests.dll" adapterTypeName="Microsoft.VisualStudio.TestTools.TestTypes.Unit.UnitTestAdapter, Microsoft.VisualStudio.QualityTools.Tips.UnitTest.Adapter, Version=10.0.0.0, Culture=neutral, PublicKeyToken=b03f5f7f11d50a3a" className="Tests.GridTest, Tests" name="find_tile" />
    </UnitTest>
    <UnitTest name="solve_evil_test_no_brute_force" storage="c:\documents and settings\plocke\my documents\my dropbox\sudokusolver\tests\bin\debug\tests.dll" id="fe8ba9a5-e461-4d1a-63f1-5567f58780e1">
      <Execution id="6bdb9912-bae7-4a25-91da-b5430508c1de" />
      <TestMethod codeBase="C:\Documents and Settings\plocke\My Documents\My Dropbox\SudokuSolver\Tests\bin\Debug\Tests.dll" adapterTypeName="Microsoft.VisualStudio.TestTools.TestTypes.Unit.UnitTestAdapter, Microsoft.VisualStudio.QualityTools.Tips.UnitTest.Adapter, Version=10.0.0.0, Culture=neutral, PublicKeyToken=b03f5f7f11d50a3a" className="Tests.SolverTest, Tests" name="solve_evil_test_no_brute_force" />
    </UnitTest>
    <UnitTest name="MyTestInitialize" storage="c:\documents and settings\plocke\my documents\my dropbox\sudokusolver\tests\bin\debug\tests.dll" id="9728d8dc-2c1f-eae3-69bb-0598a58596ff">
      <Execution id="d39ecd4c-9834-4c93-9b15-b130de2419ef" />
      <TestMethod codeBase="C:\Documents and Settings\plocke\My Documents\My Dropbox\SudokuSolver\Tests\bin\Debug\Tests.dll" adapterTypeName="Microsoft.VisualStudio.TestTools.TestTypes.Unit.UnitTestAdapter, Microsoft.VisualStudio.QualityTools.Tips.UnitTest.Adapter, Version=10.0.0.0, Culture=neutral, PublicKeyToken=b03f5f7f11d50a3a" className="Tests.SolverTest, Tests" name="MyTestInitialize" />
    </UnitTest>
    <UnitTest name="find_group" storage="c:\documents and settings\plocke\my documents\my dropbox\sudokusolver\tests\bin\debug\tests.dll" id="87783e61-37cd-6c96-5308-ee61a5090e8e">
      <Execution id="13fad226-e8cb-4e08-96cb-995ec416684f" />
      <TestMethod codeBase="C:\Documents and Settings\plocke\My Documents\My Dropbox\SudokuSolver\Tests\bin\Debug\Tests.dll" adapterTypeName="Microsoft.VisualStudio.TestTools.TestTypes.Unit.UnitTestAdapter, Microsoft.VisualStudio.QualityTools.Tips.UnitTest.Adapter, Version=10.0.0.0, Culture=neutral, PublicKeyToken=b03f5f7f11d50a3a" className="Tests.GridTest, Tests" name="find_group" />
    </UnitTest>
    <UnitTest name="Set_Tile_Group" storage="c:\documents and settings\plocke\my documents\my dropbox\sudokusolver\tests\bin\debug\tests.dll" id="6cbe25d8-fa90-3d6f-0b42-af20aaac3195">
      <Execution id="3e30d21d-34fd-4428-8f31-7913005dc315" />
      <TestMethod codeBase="C:\Documents and Settings\plocke\My Documents\My Dropbox\SudokuSolver\Tests\bin\Debug\Tests.dll" adapterTypeName="Microsoft.VisualStudio.TestTools.TestTypes.Unit.UnitTestAdapter, Microsoft.VisualStudio.QualityTools.Tips.UnitTest.Adapter, Version=10.0.0.0, Culture=neutral, PublicKeyToken=b03f5f7f11d50a3a" className="Tests.TileTest, Tests" name="Set_Tile_Group" />
    </UnitTest>
    <UnitTest name="remove_possible_answers" storage="c:\documents and settings\plocke\my documents\my dropbox\sudokusolver\tests\bin\debug\tests.dll" id="8d230e59-e3bc-0c2c-ded1-1b4ec89fac03">
      <Execution id="4c900937-5f4e-4e20-9474-c238ac985999" />
      <TestMethod codeBase="C:\Documents and Settings\plocke\My Documents\My Dropbox\SudokuSolver\Tests\bin\Debug\Tests.dll" adapterTypeName="Microsoft.VisualStudio.TestTools.TestTypes.Unit.UnitTestAdapter, Microsoft.VisualStudio.QualityTools.Tips.UnitTest.Adapter, Version=10.0.0.0, Culture=neutral, PublicKeyToken=b03f5f7f11d50a3a" className="Tests.TileTest, Tests" name="remove_possible_answers" />
    </UnitTest>
    <UnitTest name="is_not_solved" storage="c:\documents and settings\plocke\my documents\my dropbox\sudokusolver\tests\bin\debug\tests.dll" id="5aa1415c-cb70-7e4c-015c-55f6f91bf315">
      <Execution id="1bdc8228-1b1f-4da0-b3dc-07b25845ba02" />
      <TestMethod codeBase="C:\Documents and Settings\plocke\My Documents\My Dropbox\SudokuSolver\Tests\bin\Debug\Tests.dll" adapterTypeName="Microsoft.VisualStudio.TestTools.TestTypes.Unit.UnitTestAdapter, Microsoft.VisualStudio.QualityTools.Tips.UnitTest.Adapter, Version=10.0.0.0, Culture=neutral, PublicKeyToken=b03f5f7f11d50a3a" className="Tests.GridTest, Tests" name="is_not_solved" />
    </UnitTest>
    <UnitTest name="solve_need_subgroup_reduction" storage="c:\documents and settings\plocke\my documents\my dropbox\sudokusolver\tests\bin\debug\tests.dll" id="7d4e23b1-5a66-74a5-7c71-7576c74dab77">
      <Execution id="d0c006a3-ecc5-4641-98e8-1e6e2c06ced8" />
      <TestMethod codeBase="C:\Documents and Settings\plocke\My Documents\My Dropbox\SudokuSolver\Tests\bin\Debug\Tests.dll" adapterTypeName="Microsoft.VisualStudio.TestTools.TestTypes.Unit.UnitTestAdapter, Microsoft.VisualStudio.QualityTools.Tips.UnitTest.Adapter, Version=10.0.0.0, Culture=neutral, PublicKeyToken=b03f5f7f11d50a3a" className="Tests.SolverTest, Tests" name="solve_need_subgroup_reduction" />
    </UnitTest>
    <UnitTest name="solve_with_XWing" storage="c:\documents and settings\plocke\my documents\my dropbox\sudokusolver\tests\bin\debug\tests.dll" id="38076ad9-a778-93a0-3b94-f861ef568dd0">
      <Execution id="98233b67-9531-4a2d-aa70-45bf6398dae2" />
      <TestMethod codeBase="C:\Documents and Settings\plocke\My Documents\My Dropbox\SudokuSolver\Tests\bin\Debug\Tests.dll" adapterTypeName="Microsoft.VisualStudio.TestTools.TestTypes.Unit.UnitTestAdapter, Microsoft.VisualStudio.QualityTools.Tips.UnitTest.Adapter, Version=10.0.0.0, Culture=neutral, PublicKeyToken=b03f5f7f11d50a3a" className="Tests.SolverTest, Tests" name="solve_with_XWing" />
    </UnitTest>
    <UnitTest name="get_set_tile_answer" storage="c:\documents and settings\plocke\my documents\my dropbox\sudokusolver\tests\bin\debug\tests.dll" id="8ae0ddc5-e013-7c99-fb85-b54bee06e566">
      <Execution id="0c7fce20-4e53-488f-9aac-0608e3832a49" />
      <TestMethod codeBase="C:\Documents and Settings\plocke\My Documents\My Dropbox\SudokuSolver\Tests\bin\Debug\Tests.dll" adapterTypeName="Microsoft.VisualStudio.TestTools.TestTypes.Unit.UnitTestAdapter, Microsoft.VisualStudio.QualityTools.Tips.UnitTest.Adapter, Version=10.0.0.0, Culture=neutral, PublicKeyToken=b03f5f7f11d50a3a" className="Tests.TileTest, Tests" name="get_set_tile_answer" />
    </UnitTest>
    <UnitTest name="verify_test" storage="c:\documents and settings\plocke\my documents\my dropbox\sudokusolver\tests\bin\debug\tests.dll" id="774600c6-52b9-0762-68e7-fcbcdb6b0895">
      <Execution id="2b478ce7-5b4a-4609-874b-1eb67e14699e" />
      <TestMethod codeBase="C:\Documents and Settings\plocke\My Documents\My Dropbox\SudokuSolver\Tests\bin\Debug\Tests.dll" adapterTypeName="Microsoft.VisualStudio.TestTools.TestTypes.Unit.UnitTestAdapter, Microsoft.VisualStudio.QualityTools.Tips.UnitTest.Adapter, Version=10.0.0.0, Culture=neutral, PublicKeyToken=b03f5f7f11d50a3a" className="Tests.GridTest, Tests" name="verify_test" />
    </UnitTest>
    <UnitTest name="find_column" storage="c:\documents and settings\plocke\my documents\my dropbox\sudokusolver\tests\bin\debug\tests.dll" id="3f28a37f-5e35-afa7-bcd8-53796e12d019">
      <Execution id="288699fe-b034-4e8b-89d8-f9476fc5b7d5" />
      <TestMethod codeBase="C:\Documents and Settings\plocke\My Documents\My Dropbox\SudokuSolver\Tests\bin\Debug\Tests.dll" adapterTypeName="Microsoft.VisualStudio.TestTools.TestTypes.Unit.UnitTestAdapter, Microsoft.VisualStudio.QualityTools.Tips.UnitTest.Adapter, Version=10.0.0.0, Culture=neutral, PublicKeyToken=b03f5f7f11d50a3a" className="Tests.GridTest, Tests" name="find_column" />
    </UnitTest>
    <UnitTest name="solve_easy" storage="c:\documents and settings\plocke\my documents\my dropbox\sudokusolver\tests\bin\debug\tests.dll" id="f3b1fb54-ec21-1172-e4a2-250ae8db93b1">
      <Execution id="163c2629-0d74-46e9-ba85-230eb355adc5" />
      <TestMethod codeBase="C:\Documents and Settings\plocke\My Documents\My Dropbox\SudokuSolver\Tests\bin\Debug\Tests.dll" adapterTypeName="Microsoft.VisualStudio.TestTools.TestTypes.Unit.UnitTestAdapter, Microsoft.VisualStudio.QualityTools.Tips.UnitTest.Adapter, Version=10.0.0.0, Culture=neutral, PublicKeyToken=b03f5f7f11d50a3a" className="Tests.SolverTest, Tests" name="solve_easy" />
    </UnitTest>
    <UnitTest name="cannot_solve_puzzle_too_hard" storage="c:\documents and settings\plocke\my documents\my dropbox\sudokusolver\tests\bin\debug\tests.dll" id="1cf8ad87-d904-81b2-c034-3d6f9eb0c206">
      <Execution id="7e2ff7a1-ce25-4c32-8c77-a354d730346c" />
      <TestMethod codeBase="C:\Documents and Settings\plocke\My Documents\My Dropbox\SudokuSolver\Tests\bin\Debug\Tests.dll" adapterTypeName="Microsoft.VisualStudio.TestTools.TestTypes.Unit.UnitTestAdapter, Microsoft.VisualStudio.QualityTools.Tips.UnitTest.Adapter, Version=10.0.0.0, Culture=neutral, PublicKeyToken=b03f5f7f11d50a3a" className="Tests.SolverTest, Tests" name="cannot_solve_puzzle_too_hard" />
    </UnitTest>
    <UnitTest name="tile_is_solved" storage="c:\documents and settings\plocke\my documents\my dropbox\sudokusolver\tests\bin\debug\tests.dll" id="85fe9f7f-c539-a291-bb10-291cdb103ff3">
      <Execution id="a0baeb89-d7a4-4884-a32a-e404fa998589" />
      <TestMethod codeBase="C:\Documents and Settings\plocke\My Documents\My Dropbox\SudokuSolver\Tests\bin\Debug\Tests.dll" adapterTypeName="Microsoft.VisualStudio.TestTools.TestTypes.Unit.UnitTestAdapter, Microsoft.VisualStudio.QualityTools.Tips.UnitTest.Adapter, Version=10.0.0.0, Culture=neutral, PublicKeyToken=b03f5f7f11d50a3a" className="Tests.TileTest, Tests" name="tile_is_solved" />
    </UnitTest>
    <UnitTest name="Get_answered" storage="c:\documents and settings\plocke\my documents\my dropbox\sudokusolver\tests\bin\debug\tests.dll" id="037fdeeb-8cc5-15a0-13b3-210788b5f421">
      <Execution id="a788ddb6-372d-42e1-be0d-830a99d3854a" />
      <TestMethod codeBase="C:\Documents and Settings\plocke\My Documents\My Dropbox\SudokuSolver\Tests\bin\Debug\Tests.dll" adapterTypeName="Microsoft.VisualStudio.TestTools.TestTypes.Unit.UnitTestAdapter, Microsoft.VisualStudio.QualityTools.Tips.UnitTest.Adapter, Version=10.0.0.0, Culture=neutral, PublicKeyToken=b03f5f7f11d50a3a" className="Tests.StrategyTest, Tests" name="Get_answered" />
    </UnitTest>
    <UnitTest name="cannot_solve_invalid_puzzle" storage="c:\documents and settings\plocke\my documents\my dropbox\sudokusolver\tests\bin\debug\tests.dll" id="63b92d21-dd62-a201-65b6-ffee7ae66124">
      <Execution id="cac37c38-89b0-401c-b515-2e11917f8f90" />
      <TestMethod codeBase="C:\Documents and Settings\plocke\My Documents\My Dropbox\SudokuSolver\Tests\bin\Debug\Tests.dll" adapterTypeName="Microsoft.VisualStudio.TestTools.TestTypes.Unit.UnitTestAdapter, Microsoft.VisualStudio.QualityTools.Tips.UnitTest.Adapter, Version=10.0.0.0, Culture=neutral, PublicKeyToken=b03f5f7f11d50a3a" className="Tests.SolverTest, Tests" name="cannot_solve_invalid_puzzle" />
    </UnitTest>
    <UnitTest name="solve_evil_with_brute_force_test" storage="c:\documents and settings\plocke\my documents\my dropbox\sudokusolver\tests\bin\debug\tests.dll" id="060079a3-f240-85b7-576f-b9e45c0dbcfb">
      <Execution id="8daa4027-f783-4215-9cc5-83c8f154b54a" />
      <TestMethod codeBase="C:\Documents and Settings\plocke\My Documents\My Dropbox\SudokuSolver\Tests\bin\Debug\Tests.dll" adapterTypeName="Microsoft.VisualStudio.TestTools.TestTypes.Unit.UnitTestAdapter, Microsoft.VisualStudio.QualityTools.Tips.UnitTest.Adapter, Version=10.0.0.0, Culture=neutral, PublicKeyToken=b03f5f7f11d50a3a" className="Tests.SolverTest, Tests" name="solve_evil_with_brute_force_test" />
    </UnitTest>
    <UnitTest name="grid_to_string" storage="c:\documents and settings\plocke\my documents\my dropbox\sudokusolver\tests\bin\debug\tests.dll" id="4b3be3d2-f8b5-2334-36dc-b63f181b8b67">
      <Execution id="98bcc9f9-36f5-4a26-aeac-2a1b2807697d" />
      <TestMethod codeBase="C:\Documents and Settings\plocke\My Documents\My Dropbox\SudokuSolver\Tests\bin\Debug\Tests.dll" adapterTypeName="Microsoft.VisualStudio.TestTools.TestTypes.Unit.UnitTestAdapter, Microsoft.VisualStudio.QualityTools.Tips.UnitTest.Adapter, Version=10.0.0.0, Culture=neutral, PublicKeyToken=b03f5f7f11d50a3a" className="Tests.GridTest, Tests" name="grid_to_string" />
    </UnitTest>
  </TestDefinitions>
  <TestLists>
    <TestList name="Results Not in a List" id="8c84fa94-04c1-424b-9868-57a2d4851a1d" />
    <TestList name="All Loaded Results" id="19431567-8539-422a-85d7-44ee4e166bda" />
  </TestLists>
  <TestEntries>
    <TestEntry testId="037fdeeb-8cc5-15a0-13b3-210788b5f421" executionId="a788ddb6-372d-42e1-be0d-830a99d3854a" testListId="8c84fa94-04c1-424b-9868-57a2d4851a1d" />
    <TestEntry testId="060079a3-f240-85b7-576f-b9e45c0dbcfb" executionId="8daa4027-f783-4215-9cc5-83c8f154b54a" testListId="8c84fa94-04c1-424b-9868-57a2d4851a1d" />
    <TestEntry testId="1a01e16f-6a16-0a34-4b84-ddc9b631541b" executionId="74d8387c-248f-4399-84ed-ec68f9f464b3" testListId="8c84fa94-04c1-424b-9868-57a2d4851a1d" />
    <TestEntry testId="1cf8ad87-d904-81b2-c034-3d6f9eb0c206" executionId="7e2ff7a1-ce25-4c32-8c77-a354d730346c" testListId="8c84fa94-04c1-424b-9868-57a2d4851a1d" />
    <TestEntry testId="3516c277-bcf6-13ac-9e1d-43b24459828b" executionId="e3e08df4-f712-4c29-a084-41de20b3a2a9" testListId="8c84fa94-04c1-424b-9868-57a2d4851a1d" />
    <TestEntry testId="38076ad9-a778-93a0-3b94-f861ef568dd0" executionId="98233b67-9531-4a2d-aa70-45bf6398dae2" testListId="8c84fa94-04c1-424b-9868-57a2d4851a1d" />
    <TestEntry testId="3f28a37f-5e35-afa7-bcd8-53796e12d019" executionId="288699fe-b034-4e8b-89d8-f9476fc5b7d5" testListId="8c84fa94-04c1-424b-9868-57a2d4851a1d" />
    <TestEntry testId="42185e4f-fba5-b13e-e87b-bf6ee9f6b57a" executionId="417742fb-b8a8-4bab-81c8-06ce943441f6" testListId="8c84fa94-04c1-424b-9868-57a2d4851a1d" />
    <TestEntry testId="45956fa6-1f6e-e559-2fa3-9cb9e4462286" executionId="079b68e0-5911-4dfd-a1e3-6dabf263cb60" testListId="8c84fa94-04c1-424b-9868-57a2d4851a1d" />
    <TestEntry testId="4b3be3d2-f8b5-2334-36dc-b63f181b8b67" executionId="98bcc9f9-36f5-4a26-aeac-2a1b2807697d" testListId="8c84fa94-04c1-424b-9868-57a2d4851a1d" />
    <TestEntry testId="5aa1415c-cb70-7e4c-015c-55f6f91bf315" executionId="1bdc8228-1b1f-4da0-b3dc-07b25845ba02" testListId="8c84fa94-04c1-424b-9868-57a2d4851a1d" />
    <TestEntry testId="63b92d21-dd62-a201-65b6-ffee7ae66124" executionId="cac37c38-89b0-401c-b515-2e11917f8f90" testListId="8c84fa94-04c1-424b-9868-57a2d4851a1d" />
    <TestEntry testId="6ab44e7c-e6f7-7a80-6224-ddb7baea7d12" executionId="80f11c43-d1ed-4cbd-8591-2a68bacd3f2b" testListId="8c84fa94-04c1-424b-9868-57a2d4851a1d" />
    <TestEntry testId="6cbe25d8-fa90-3d6f-0b42-af20aaac3195" executionId="3e30d21d-34fd-4428-8f31-7913005dc315" testListId="8c84fa94-04c1-424b-9868-57a2d4851a1d" />
    <TestEntry testId="774600c6-52b9-0762-68e7-fcbcdb6b0895" executionId="2b478ce7-5b4a-4609-874b-1eb67e14699e" testListId="8c84fa94-04c1-424b-9868-57a2d4851a1d" />
    <TestEntry testId="7d4e23b1-5a66-74a5-7c71-7576c74dab77" executionId="d0c006a3-ecc5-4641-98e8-1e6e2c06ced8" testListId="8c84fa94-04c1-424b-9868-57a2d4851a1d" />
    <TestEntry testId="80123aba-588b-d529-f865-401414bce5fe" executionId="0de2473e-b2c0-4bd9-bb17-107730a02d3f" testListId="8c84fa94-04c1-424b-9868-57a2d4851a1d" />
    <TestEntry testId="85fe9f7f-c539-a291-bb10-291cdb103ff3" executionId="a0baeb89-d7a4-4884-a32a-e404fa998589" testListId="8c84fa94-04c1-424b-9868-57a2d4851a1d" />
    <TestEntry testId="87783e61-37cd-6c96-5308-ee61a5090e8e" executionId="13fad226-e8cb-4e08-96cb-995ec416684f" testListId="8c84fa94-04c1-424b-9868-57a2d4851a1d" />
    <TestEntry testId="8a260ca6-3ed1-0146-eefb-32c640dcc2c1" executionId="87957449-935a-466a-96f3-f21f3a0453cf" testListId="8c84fa94-04c1-424b-9868-57a2d4851a1d" />
    <TestEntry testId="8ae0ddc5-e013-7c99-fb85-b54bee06e566" executionId="0c7fce20-4e53-488f-9aac-0608e3832a49" testListId="8c84fa94-04c1-424b-9868-57a2d4851a1d" />
    <TestEntry testId="8d230e59-e3bc-0c2c-ded1-1b4ec89fac03" executionId="4c900937-5f4e-4e20-9474-c238ac985999" testListId="8c84fa94-04c1-424b-9868-57a2d4851a1d" />
    <TestEntry testId="91a3a51f-4ca5-d33c-0a7c-fb35883de1f1" executionId="c54b6191-7e38-4769-be90-6846f8dc8ebb" testListId="8c84fa94-04c1-424b-9868-57a2d4851a1d" />
    <TestEntry testId="9728d8dc-2c1f-eae3-69bb-0598a58596ff" executionId="d39ecd4c-9834-4c93-9b15-b130de2419ef" testListId="8c84fa94-04c1-424b-9868-57a2d4851a1d" />
    <TestEntry testId="a8ab2788-7bd7-40eb-4191-949ced236ffc" executionId="eb4ff13f-48b3-4550-9126-b48f821142df" testListId="8c84fa94-04c1-424b-9868-57a2d4851a1d" />
    <TestEntry testId="c2a9cb24-da84-dabd-ebef-e715c43ff7ff" executionId="d7b67e5d-677f-44f5-9623-1aa2787e6b8c" testListId="8c84fa94-04c1-424b-9868-57a2d4851a1d" />
    <TestEntry testId="ea60075d-4a72-61f9-24cb-77037a7c05a6" executionId="b0fa2ae5-58c4-4df4-a5ac-b370d4df2b53" testListId="8c84fa94-04c1-424b-9868-57a2d4851a1d" />
    <TestEntry testId="f3b1fb54-ec21-1172-e4a2-250ae8db93b1" executionId="163c2629-0d74-46e9-ba85-230eb355adc5" testListId="8c84fa94-04c1-424b-9868-57a2d4851a1d" />
    <TestEntry testId="fe8ba9a5-e461-4d1a-63f1-5567f58780e1" executionId="6bdb9912-bae7-4a25-91da-b5430508c1de" testListId="8c84fa94-04c1-424b-9868-57a2d4851a1d" />
  </TestEntries>
  <Results>
    <UnitTestResult executionId="a788ddb6-372d-42e1-be0d-830a99d3854a" testId="037fdeeb-8cc5-15a0-13b3-210788b5f421" testName="Get_answered" computerName="25GJB51-2" duration="00:00:00.0340732" startTime="2010-09-21T11:03:11.8035793-05:00" endTime="2010-09-21T11:03:12.7567348-05:00" testType="13cdc9d9-ddb5-4fa4-a97d-d965ccfc6d4b" outcome="Passed" testListId="8c84fa94-04c1-424b-9868-57a2d4851a1d" relativeResultsDirectory="a788ddb6-372d-42e1-be0d-830a99d3854a">
    </UnitTestResult>
    <UnitTestResult executionId="8daa4027-f783-4215-9cc5-83c8f154b54a" testId="060079a3-f240-85b7-576f-b9e45c0dbcfb" testName="solve_evil_with_brute_force_test" computerName="25GJB51-2" duration="00:00:00.2560314" startTime="2010-09-21T11:03:12.7567348-05:00" endTime="2010-09-21T11:03:13.0379938-05:00" testType="13cdc9d9-ddb5-4fa4-a97d-d965ccfc6d4b" outcome="Passed" testListId="8c84fa94-04c1-424b-9868-57a2d4851a1d" relativeResultsDirectory="8daa4027-f783-4215-9cc5-83c8f154b54a">
      <Output>
        <DebugTrace>57842836561684324351941828583272436167754948245612435639275782391219758436879366786154898341239873952149871821463652869368154469387312148897671489765272526312854236863759598681544383123693519768471214286793295846861542131463786798689253163971129712921483594271812337297667988198386433459127376291219241592223463786796883197112153629712921495829327148681542131463786798689719318129259427381472393625612337299798768368783433421492126719565159192223463786798871973181954221253682914292397138546213823176975486154638312914798765958238219167394523984121397687938615441463831291389876569348297625525869368154463873129147985766689354217529382182394312683729755921555511975954299181377689486386862874132361461571839146839857647829786152592614324138631868292634952749841335967719527598674683829786152613493148139146186832926349529867534187498759183895275967868154634143621394128979183794961475283786518666234199723414752857689286815963414317236148681525758673297614313414164251975954183768986347826143291431215686813952614783876861623419143128878676816341413289723146162138179793861544146383129138987656934829762552539241975368242631729519983175986764983874123126386841923186836862841971594715764319158986386826341931594715769587412995175986746836862841971953641281559548232686168371419767894139813959432868153683715867419724161932841239876872398615476568379138214714316341651958623681547569739138786214714316341651958681239545412376126384638678965957193481527938147291923</DebugTrace>
      </Output>
    </UnitTestResult>
    <UnitTestResult executionId="74d8387c-248f-4399-84ed-ec68f9f464b3" testId="1a01e16f-6a16-0a34-4b84-ddc9b631541b" testName="GetMatchingTilesTest" computerName="25GJB51-2" duration="00:00:00.0421320" startTime="2010-09-21T11:03:13.0536193-05:00" endTime="2010-09-21T11:03:13.1004958-05:00" testType="13cdc9d9-ddb5-4fa4-a97d-d965ccfc6d4b" outcome="Passed" testListId="8c84fa94-04c1-424b-9868-57a2d4851a1d" relativeResultsDirectory="74d8387c-248f-4399-84ed-ec68f9f464b3">
    </UnitTestResult>
    <UnitTestResult executionId="7e2ff7a1-ce25-4c32-8c77-a354d730346c" testId="1cf8ad87-d904-81b2-c034-3d6f9eb0c206" testName="cannot_solve_puzzle_too_hard" computerName="25GJB51-2" duration="00:00:00.1042770" startTime="2010-09-21T11:03:13.1317468-05:00" endTime="2010-09-21T11:03:13.2567508-05:00" testType="13cdc9d9-ddb5-4fa4-a97d-d965ccfc6d4b" outcome="Passed" testListId="8c84fa94-04c1-424b-9868-57a2d4851a1d" relativeResultsDirectory="7e2ff7a1-ce25-4c32-8c77-a354d730346c">
      <Output>
        <DebugTrace>578428365616843243519418285832724361677549482456124356392757847465518949</DebugTrace>
      </Output>
    </UnitTestResult>
    <UnitTestResult executionId="e3e08df4-f712-4c29-a084-41de20b3a2a9" testId="3516c277-bcf6-13ac-9e1d-43b24459828b" testName="find_tile" computerName="25GJB51-2" duration="00:00:00.0338987" startTime="2010-09-21T11:03:13.2880018-05:00" endTime="2010-09-21T11:03:13.3505038-05:00" testType="13cdc9d9-ddb5-4fa4-a97d-d965ccfc6d4b" outcome="Passed" testListId="8c84fa94-04c1-424b-9868-57a2d4851a1d" relativeResultsDirectory="e3e08df4-f712-4c29-a084-41de20b3a2a9">
      <Output>
        <DebugTrace>57842836561684324351941828583272436</DebugTrace>
      </Output>
    </UnitTestResult>
    <UnitTestResult executionId="98233b67-9531-4a2d-aa70-45bf6398dae2" testId="38076ad9-a778-93a0-3b94-f861ef568dd0" testName="solve_with_XWing" computerName="25GJB51-2" duration="00:00:00.7532977" startTime="2010-09-21T11:03:13.3661293-05:00" endTime="2010-09-21T11:03:14.1317788-05:00" testType="13cdc9d9-ddb5-4fa4-a97d-d965ccfc6d4b" outcome="Passed" testListId="8c84fa94-04c1-424b-9868-57a2d4851a1d" relativeResultsDirectory="98233b67-9531-4a2d-aa70-45bf6398dae2">
      <Output>
        <DebugTrace>57842836561684324351941828583272436167754948245612435639275784746551894999793582354146387131231286867829127392683615</DebugTrace>
      </Output>
    </UnitTestResult>
    <UnitTestResult executionId="288699fe-b034-4e8b-89d8-f9476fc5b7d5" testId="3f28a37f-5e35-afa7-bcd8-53796e12d019" testName="find_column" computerName="25GJB51-2" duration="00:00:00.0106200" startTime="2010-09-21T11:03:14.1474043-05:00" endTime="2010-09-21T11:03:14.1786553-05:00" testType="13cdc9d9-ddb5-4fa4-a97d-d965ccfc6d4b" outcome="Passed" testListId="8c84fa94-04c1-424b-9868-57a2d4851a1d" relativeResultsDirectory="288699fe-b034-4e8b-89d8-f9476fc5b7d5">
      <Output>
        <DebugTrace>57842836561684324351941828583272436</DebugTrace>
      </Output>
    </UnitTestResult>
    <UnitTestResult executionId="417742fb-b8a8-4bab-81c8-06ce943441f6" testId="42185e4f-fba5-b13e-e87b-bf6ee9f6b57a" testName="get_tile_possible_answers" computerName="25GJB51-2" duration="00:00:00.0087756" startTime="2010-09-21T11:03:14.1942808-05:00" endTime="2010-09-21T11:03:14.2255318-05:00" testType="13cdc9d9-ddb5-4fa4-a97d-d965ccfc6d4b" outcome="Passed" testListId="8c84fa94-04c1-424b-9868-57a2d4851a1d" relativeResultsDirectory="417742fb-b8a8-4bab-81c8-06ce943441f6">
    </UnitTestResult>
    <UnitTestResult executionId="079b68e0-5911-4dfd-a1e3-6dabf263cb60" testId="45956fa6-1f6e-e559-2fa3-9cb9e4462286" testName="get_tile_answer_negative" computerName="25GJB51-2" duration="00:00:00.0015788" startTime="2010-09-21T11:03:14.4755398-05:00" endTime="2010-09-21T11:03:14.4911653-05:00" testType="13cdc9d9-ddb5-4fa4-a97d-d965ccfc6d4b" outcome="Passed" testListId="8c84fa94-04c1-424b-9868-57a2d4851a1d" relativeResultsDirectory="079b68e0-5911-4dfd-a1e3-6dabf263cb60">
    </UnitTestResult>
    <UnitTestResult executionId="98bcc9f9-36f5-4a26-aeac-2a1b2807697d" testId="4b3be3d2-f8b5-2334-36dc-b63f181b8b67" testName="grid_to_string" computerName="25GJB51-2" duration="00:00:00.0029123" startTime="2010-09-21T11:03:14.5067908-05:00" endTime="2010-09-21T11:03:14.5224163-05:00" testType="13cdc9d9-ddb5-4fa4-a97d-d965ccfc6d4b" outcome="Passed" testListId="8c84fa94-04c1-424b-9868-57a2d4851a1d" relativeResultsDirectory="98bcc9f9-36f5-4a26-aeac-2a1b2807697d">
      <Output>
        <DebugTrace>57842836561684324351941828583272436</DebugTrace>
      </Output>
    </UnitTestResult>
    <UnitTestResult executionId="1bdc8228-1b1f-4da0-b3dc-07b25845ba02" testId="5aa1415c-cb70-7e4c-015c-55f6f91bf315" testName="is_not_solved" computerName="25GJB51-2" duration="00:00:00.0026220" startTime="2010-09-21T11:03:14.5380418-05:00" endTime="2010-09-21T11:03:14.5536673-05:00" testType="13cdc9d9-ddb5-4fa4-a97d-d965ccfc6d4b" outcome="Passed" testListId="8c84fa94-04c1-424b-9868-57a2d4851a1d" relativeResultsDirectory="1bdc8228-1b1f-4da0-b3dc-07b25845ba02">
      <Output>
        <DebugTrace>57842836561684324351941828583272436</DebugTrace>
      </Output>
    </UnitTestResult>
    <UnitTestResult executionId="cac37c38-89b0-401c-b515-2e11917f8f90" testId="63b92d21-dd62-a201-65b6-ffee7ae66124" testName="cannot_solve_invalid_puzzle" computerName="25GJB51-2" duration="00:00:00.0346727" startTime="2010-09-21T11:03:14.5692928-05:00" endTime="2010-09-21T11:03:14.6161693-05:00" testType="13cdc9d9-ddb5-4fa4-a97d-d965ccfc6d4b" outcome="Passed" testListId="8c84fa94-04c1-424b-9868-57a2d4851a1d" relativeResultsDirectory="cac37c38-89b0-401c-b515-2e11917f8f90">
      <Output>
        <DebugTrace>578428365616843243519418285832724361677549468245651243456392757823912831192541854783189468697678596783196329141323723298213111792541854996883282323624367384138787698875239841128311925419783182319763291468678396749678523821381681452391754239121839798756473919368489368792932841128323222787639871938957168869344819632917518681453239533218121529718939732136492831997676788784932128325841321286866329343197151978796769784297831</DebugTrace>
      </Output>
    </UnitTestResult>
    <UnitTestResult executionId="80f11c43-d1ed-4cbd-8591-2a68bacd3f2b" testId="6ab44e7c-e6f7-7a80-6224-ddb7baea7d12" testName="Load_Strategies" computerName="25GJB51-2" duration="00:00:00.0098642" startTime="2010-09-21T11:03:14.6317948-05:00" endTime="2010-09-21T11:03:14.6630458-05:00" testType="13cdc9d9-ddb5-4fa4-a97d-d965ccfc6d4b" outcome="Passed" testListId="8c84fa94-04c1-424b-9868-57a2d4851a1d" relativeResultsDirectory="80f11c43-d1ed-4cbd-8591-2a68bacd3f2b">
      <Output>
        <DebugTrace>578428365616843243519418285832724364765397295278461143259845328</DebugTrace>
      </Output>
    </UnitTestResult>
    <UnitTestResult executionId="3e30d21d-34fd-4428-8f31-7913005dc315" testId="6cbe25d8-fa90-3d6f-0b42-af20aaac3195" testName="Set_Tile_Group" computerName="25GJB51-2" duration="00:00:00.0013348" startTime="2010-09-21T11:03:14.6786713-05:00" endTime="2010-09-21T11:03:14.6786713-05:00" testType="13cdc9d9-ddb5-4fa4-a97d-d965ccfc6d4b" outcome="Passed" testListId="8c84fa94-04c1-424b-9868-57a2d4851a1d" relativeResultsDirectory="3e30d21d-34fd-4428-8f31-7913005dc315">
    </UnitTestResult>
    <UnitTestResult executionId="2b478ce7-5b4a-4609-874b-1eb67e14699e" testId="774600c6-52b9-0762-68e7-fcbcdb6b0895" testName="verify_test" computerName="25GJB51-2" duration="00:00:00.0460617" startTime="2010-09-21T11:03:14.7099223-05:00" endTime="2010-09-21T11:03:14.7724243-05:00" testType="13cdc9d9-ddb5-4fa4-a97d-d965ccfc6d4b" outcome="Passed" testListId="8c84fa94-04c1-424b-9868-57a2d4851a1d" relativeResultsDirectory="2b478ce7-5b4a-4609-874b-1eb67e14699e">
      <Output>
        <DebugTrace>57842836561684324351941828583272436182369457376254981459817632247538169938146725615792843721485396863921574594673218</DebugTrace>
      </Output>
    </UnitTestResult>
    <UnitTestResult executionId="d0c006a3-ecc5-4641-98e8-1e6e2c06ced8" testId="7d4e23b1-5a66-74a5-7c71-7576c74dab77" testName="solve_need_subgroup_reduction" computerName="25GJB51-2" duration="00:00:00.1271903" startTime="2010-09-21T11:03:14.7880498-05:00" endTime="2010-09-21T11:03:14.9286793-05:00" testType="13cdc9d9-ddb5-4fa4-a97d-d965ccfc6d4b" outcome="Passed" testListId="8c84fa94-04c1-424b-9868-57a2d4851a1d" relativeResultsDirectory="d0c006a3-ecc5-4641-98e8-1e6e2c06ced8">
      <Output>
        <DebugTrace>57842836561684324351941828583272436215871295344527517348269576919355623484187637964375634566121683492181987929483872</DebugTrace>
      </Output>
    </UnitTestResult>
    <UnitTestResult executionId="0de2473e-b2c0-4bd9-bb17-107730a02d3f" testId="80123aba-588b-d529-f865-401414bce5fe" testName="is_solved" computerName="25GJB51-2" duration="00:00:00.0120478" startTime="2010-09-21T11:03:14.9443048-05:00" endTime="2010-09-21T11:03:14.9755558-05:00" testType="13cdc9d9-ddb5-4fa4-a97d-d965ccfc6d4b" outcome="Passed" testListId="8c84fa94-04c1-424b-9868-57a2d4851a1d" relativeResultsDirectory="0de2473e-b2c0-4bd9-bb17-107730a02d3f">
      <Output>
        <DebugTrace>57842836561684324351941828583272436957849992998369599699999999916998943992435199949199829999999998995983299799924369</DebugTrace>
      </Output>
    </UnitTestResult>
    <UnitTestResult executionId="a0baeb89-d7a4-4884-a32a-e404fa998589" testId="85fe9f7f-c539-a291-bb10-291cdb103ff3" testName="tile_is_solved" computerName="25GJB51-2" duration="00:00:00.0019049" startTime="2010-09-21T11:03:15.0224323-05:00" endTime="2010-09-21T11:03:15.0380578-05:00" testType="13cdc9d9-ddb5-4fa4-a97d-d965ccfc6d4b" outcome="Passed" testListId="8c84fa94-04c1-424b-9868-57a2d4851a1d" relativeResultsDirectory="a0baeb89-d7a4-4884-a32a-e404fa998589">
    </UnitTestResult>
    <UnitTestResult executionId="13fad226-e8cb-4e08-96cb-995ec416684f" testId="87783e61-37cd-6c96-5308-ee61a5090e8e" testName="find_group" computerName="25GJB51-2" duration="00:00:00.0069535" startTime="2010-09-21T11:03:15.0693088-05:00" endTime="2010-09-21T11:03:15.0849343-05:00" testType="13cdc9d9-ddb5-4fa4-a97d-d965ccfc6d4b" outcome="Passed" testListId="8c84fa94-04c1-424b-9868-57a2d4851a1d" relativeResultsDirectory="13fad226-e8cb-4e08-96cb-995ec416684f">
      <Output>
        <DebugTrace>57842836561684324351941828583272436</DebugTrace>
      </Output>
    </UnitTestResult>
    <UnitTestResult executionId="87957449-935a-466a-96f3-f21f3a0453cf" testId="8a260ca6-3ed1-0146-eefb-32c640dcc2c1" testName="solve_medium" computerName="25GJB51-2" duration="00:00:00.1136515" startTime="2010-09-21T11:03:15.1161853-05:00" endTime="2010-09-21T11:03:15.2411893-05:00" testType="13cdc9d9-ddb5-4fa4-a97d-d965ccfc6d4b" outcome="Passed" testListId="8c84fa94-04c1-424b-9868-57a2d4851a1d" relativeResultsDirectory="87957449-935a-466a-96f3-f21f3a0453cf">
      <Output>
        <DebugTrace>57842836561684324351941828583272436489137585975624493349175852163439871248572186258983686963725524243763194161767291</DebugTrace>
      </Output>
    </UnitTestResult>
    <UnitTestResult executionId="0c7fce20-4e53-488f-9aac-0608e3832a49" testId="8ae0ddc5-e013-7c99-fb85-b54bee06e566" testName="get_set_tile_answer" computerName="25GJB51-2" duration="00:00:00.0053183" startTime="2010-09-21T11:03:15.2724403-05:00" endTime="2010-09-21T11:03:15.3193168-05:00" testType="13cdc9d9-ddb5-4fa4-a97d-d965ccfc6d4b" outcome="Passed" testListId="8c84fa94-04c1-424b-9868-57a2d4851a1d" relativeResultsDirectory="0c7fce20-4e53-488f-9aac-0608e3832a49">
    </UnitTestResult>
    <UnitTestResult executionId="4c900937-5f4e-4e20-9474-c238ac985999" testId="8d230e59-e3bc-0c2c-ded1-1b4ec89fac03" testName="remove_possible_answers" computerName="25GJB51-2" duration="00:00:00.0049657" startTime="2010-09-21T11:03:15.3505678-05:00" endTime="2010-09-21T11:03:15.3661933-05:00" testType="13cdc9d9-ddb5-4fa4-a97d-d965ccfc6d4b" outcome="Passed" testListId="8c84fa94-04c1-424b-9868-57a2d4851a1d" relativeResultsDirectory="4c900937-5f4e-4e20-9474-c238ac985999">
    </UnitTestResult>
    <UnitTestResult executionId="c54b6191-7e38-4769-be90-6846f8dc8ebb" testId="91a3a51f-4ca5-d33c-0a7c-fb35883de1f1" testName="find_row" computerName="25GJB51-2" duration="00:00:00.0076151" startTime="2010-09-21T11:03:15.3974443-05:00" endTime="2010-09-21T11:03:15.4130698-05:00" testType="13cdc9d9-ddb5-4fa4-a97d-d965ccfc6d4b" outcome="Passed" testListId="8c84fa94-04c1-424b-9868-57a2d4851a1d" relativeResultsDirectory="c54b6191-7e38-4769-be90-6846f8dc8ebb">
      <Output>
        <DebugTrace>57842836561684324351941828583272436</DebugTrace>
      </Output>
    </UnitTestResult>
    <UnitTestResult executionId="d39ecd4c-9834-4c93-9b15-b130de2419ef" testId="9728d8dc-2c1f-eae3-69bb-0598a58596ff" testName="MyTestInitialize" computerName="25GJB51-2" duration="00:00:00.0293685" startTime="2010-09-21T11:03:15.4443208-05:00" endTime="2010-09-21T11:03:15.4911973-05:00" testType="13cdc9d9-ddb5-4fa4-a97d-d965ccfc6d4b" outcome="Passed" testListId="8c84fa94-04c1-424b-9868-57a2d4851a1d" relativeResultsDirectory="d39ecd4c-9834-4c93-9b15-b130de2419ef">
      <Output>
        <DebugTrace>5784283656168432435194182858327243657842836561684324351941828583272436</DebugTrace>
      </Output>
    </UnitTestResult>
    <UnitTestResult executionId="eb4ff13f-48b3-4550-9126-b48f821142df" testId="a8ab2788-7bd7-40eb-4191-949ced236ffc" testName="GetUniqueAnswersTest" computerName="25GJB51-2" duration="00:00:00.0064428" startTime="2010-09-21T11:03:15.5068228-05:00" endTime="2010-09-21T11:03:15.5224483-05:00" testType="13cdc9d9-ddb5-4fa4-a97d-d965ccfc6d4b" outcome="Passed" testListId="8c84fa94-04c1-424b-9868-57a2d4851a1d" relativeResultsDirectory="eb4ff13f-48b3-4550-9126-b48f821142df">
    </UnitTestResult>
    <UnitTestResult executionId="d7b67e5d-677f-44f5-9623-1aa2787e6b8c" testId="c2a9cb24-da84-dabd-ebef-e715c43ff7ff" testName="MyTestInitialize" computerName="25GJB51-2" duration="00:00:00.0082119" startTime="2010-09-21T11:03:15.5693248-05:00" endTime="2010-09-21T11:03:15.5849503-05:00" testType="13cdc9d9-ddb5-4fa4-a97d-d965ccfc6d4b" outcome="Passed" testListId="8c84fa94-04c1-424b-9868-57a2d4851a1d" relativeResultsDirectory="d7b67e5d-677f-44f5-9623-1aa2787e6b8c">
      <Output>
        <DebugTrace>5784283656168432435194182858327243657842836561684324351941828583272436</DebugTrace>
      </Output>
    </UnitTestResult>
    <UnitTestResult executionId="b0fa2ae5-58c4-4df4-a5ac-b370d4df2b53" testId="ea60075d-4a72-61f9-24cb-77037a7c05a6" testName="Initialize_Tile" computerName="25GJB51-2" duration="00:00:00.0043395" startTime="2010-09-21T11:03:15.6162013-05:00" endTime="2010-09-21T11:03:15.6318268-05:00" testType="13cdc9d9-ddb5-4fa4-a97d-d965ccfc6d4b" outcome="Passed" testListId="8c84fa94-04c1-424b-9868-57a2d4851a1d" relativeResultsDirectory="b0fa2ae5-58c4-4df4-a5ac-b370d4df2b53">
    </UnitTestResult>
    <UnitTestResult executionId="163c2629-0d74-46e9-ba85-230eb355adc5" testId="f3b1fb54-ec21-1172-e4a2-250ae8db93b1" testName="solve_easy" computerName="25GJB51-2" duration="00:00:00.0443874" startTime="2010-09-21T11:03:15.6474523-05:00" endTime="2010-09-21T11:03:15.7099543-05:00" testType="13cdc9d9-ddb5-4fa4-a97d-d965ccfc6d4b" outcome="Passed" testListId="8c84fa94-04c1-424b-9868-57a2d4851a1d" relativeResultsDirectory="163c2629-0d74-46e9-ba85-230eb355adc5">
      <Output>
        <DebugTrace>57842836561684324351941828583272436476539729527846114325984532891684234593718183673154325142965736787169459862621789</DebugTrace>
      </Output>
    </UnitTestResult>
    <UnitTestResult executionId="6bdb9912-bae7-4a25-91da-b5430508c1de" testId="fe8ba9a5-e461-4d1a-63f1-5567f58780e1" testName="solve_evil_test_no_brute_force" computerName="25GJB51-2" duration="00:00:00.6625465" startTime="2010-09-21T11:03:15.7255798-05:00" endTime="2010-09-21T11:03:16.4131018-05:00" testType="13cdc9d9-ddb5-4fa4-a97d-d965ccfc6d4b" outcome="Passed" testListId="8c84fa94-04c1-424b-9868-57a2d4851a1d" relativeResultsDirectory="6bdb9912-bae7-4a25-91da-b5430508c1de">
      <Output>
        <DebugTrace>57842836561684324351941828583272436167754948245612435639275784746551894999793582354146387131231286867829127392683615</DebugTrace>
      </Output>
    </UnitTestResult>
  </Results>
</TestRun>