<?xml version="1.0" encoding="UTF-8"?>
<TestRun id="dd19dc66-9d5f-4618-84f5-f50bde2ab1f6" name="PLOCKE@25GJB51-2 2010-09-21 10:57:24" runUser="MSDOMAIN1\PLOCKE" xmlns="http://microsoft.com/schemas/VisualStudio/TeamTest/2010">
  <TestSettings name="Local" id="f7182292-f7f3-47b9-ab7d-6a0f41f28cfe">
    <Description>These are default test settings for a local test run.</Description>
    <Deployment enabled="false" runDeploymentRoot="PLOCKE_25GJB51-2 2010-09-21 10_57_24">
      <DeploymentItem filename="C:\Documents and Settings\plocke\My Documents\My Dropbox\SudokuSolver\Solver\bin\Debug\Solver.dll" />
    </Deployment>
    <Execution>
      <Timeouts runTimeout="30000" testTimeout="30000" />
      <TestTypeSpecific>
        <UnitTestRunConfig testTypeId="13cdc9d9-ddb5-4fa4-a97d-d965ccfc6d4b">
          <AssemblyResolution>
            <TestDirectory useLoadContext="true" />
          </AssemblyResolution>
        </UnitTestRunConfig>
      </TestTypeSpecific>
      <AgentRule name="Execution Agents">
      </AgentRule>
    </Execution>
  </TestSettings>
  <Times creation="2010-09-21T10:57:24.9018538-05:00" queuing="2010-09-21T10:57:24.9643558-05:00" start="2010-09-21T10:57:25.2299893-05:00" finish="2010-09-21T10:57:29.8082608-05:00" />
  <ResultSummary outcome="Completed">
    <Counters total="28" executed="28" passed="28" error="0" failed="0" timeout="0" aborted="0" inconclusive="0" passedButRunAborted="0" notRunnable="0" notExecuted="0" disconnected="0" warning="0" completed="0" inProgress="0" pending="0" />
  </ResultSummary>
  <TestDefinitions>
    <UnitTest name="Load_Strategies" storage="c:\documents and settings\plocke\my documents\my dropbox\sudokusolver\tests\bin\debug\tests.dll" id="6ab44e7c-e6f7-7a80-6224-ddb7baea7d12">
      <Execution id="8eb5c69c-d13d-4f76-bd3b-4e12e39e2afc" />
      <TestMethod codeBase="C:\Documents and Settings\plocke\My Documents\My Dropbox\SudokuSolver\Tests\bin\Debug\Tests.dll" adapterTypeName="Microsoft.VisualStudio.TestTools.TestTypes.Unit.UnitTestAdapter, Microsoft.VisualStudio.QualityTools.Tips.UnitTest.Adapter, Version=10.0.0.0, Culture=neutral, PublicKeyToken=b03f5f7f11d50a3a" className="Tests.SolverTest, Tests" name="Load_Strategies" />
    </UnitTest>
    <UnitTest name="GetMatchingTilesTest" storage="c:\documents and settings\plocke\my documents\my dropbox\sudokusolver\tests\bin\debug\tests.dll" id="1a01e16f-6a16-0a34-4b84-ddc9b631541b">
      <Execution id="7275426b-0d41-4c46-bb93-2f86d5887759" />
      <TestMethod codeBase="C:\Documents and Settings\plocke\My Documents\My Dropbox\SudokuSolver\Tests\bin\Debug\Tests.dll" adapterTypeName="Microsoft.VisualStudio.TestTools.TestTypes.Unit.UnitTestAdapter, Microsoft.VisualStudio.QualityTools.Tips.UnitTest.Adapter, Version=10.0.0.0, Culture=neutral, PublicKeyToken=b03f5f7f11d50a3a" className="Tests.StrategyTest, Tests" name="GetMatchingTilesTest" />
    </UnitTest>
    <UnitTest name="MyTestInitialize" storage="c:\documents and settings\plocke\my documents\my dropbox\sudokusolver\tests\bin\debug\tests.dll" id="c2a9cb24-da84-dabd-ebef-e715c43ff7ff">
      <Execution id="52378491-d567-4a61-887a-40fb4cab22f7" />
      <TestMethod codeBase="C:\Documents and Settings\plocke\My Documents\My Dropbox\SudokuSolver\Tests\bin\Debug\Tests.dll" adapterTypeName="Microsoft.VisualStudio.TestTools.TestTypes.Unit.UnitTestAdapter, Microsoft.VisualStudio.QualityTools.Tips.UnitTest.Adapter, Version=10.0.0.0, Culture=neutral, PublicKeyToken=b03f5f7f11d50a3a" className="Tests.GridTest, Tests" name="MyTestInitialize" />
    </UnitTest>
    <UnitTest name="solve_medium" storage="c:\documents and settings\plocke\my documents\my dropbox\sudokusolver\tests\bin\debug\tests.dll" id="8a260ca6-3ed1-0146-eefb-32c640dcc2c1">
      <Execution id="cf52eb10-b124-4bdf-86cf-29d554da1f9c" />
      <TestMethod codeBase="C:\Documents and Settings\plocke\My Documents\My Dropbox\SudokuSolver\Tests\bin\Debug\Tests.dll" adapterTypeName="Microsoft.VisualStudio.TestTools.TestTypes.Unit.UnitTestAdapter, Microsoft.VisualStudio.QualityTools.Tips.UnitTest.Adapter, Version=10.0.0.0, Culture=neutral, PublicKeyToken=b03f5f7f11d50a3a" className="Tests.SolverTest, Tests" name="solve_medium" />
    </UnitTest>
    <UnitTest name="GetUniqueAnswersTest" storage="c:\documents and settings\plocke\my documents\my dropbox\sudokusolver\tests\bin\debug\tests.dll" id="a8ab2788-7bd7-40eb-4191-949ced236ffc">
      <Execution id="f2332283-f9fa-45a3-abab-11cf02deff51" />
      <TestMethod codeBase="C:\Documents and Settings\plocke\My Documents\My Dropbox\SudokuSolver\Tests\bin\Debug\Tests.dll" adapterTypeName="Microsoft.VisualStudio.TestTools.TestTypes.Unit.UnitTestAdapter, Microsoft.VisualStudio.QualityTools.Tips.UnitTest.Adapter, Version=10.0.0.0, Culture=neutral, PublicKeyToken=b03f5f7f11d50a3a" className="Tests.StrategyTest, Tests" name="GetUniqueAnswersTest" />
    </UnitTest>
    <UnitTest name="get_tile_possible_answers" storage="c:\documents and settings\plocke\my documents\my dropbox\sudokusolver\tests\bin\debug\tests.dll" id="42185e4f-fba5-b13e-e87b-bf6ee9f6b57a">
      <Execution id="6e43b069-1aca-49a5-9b35-210c7e2f9d26" />
      <TestMethod codeBase="C:\Documents and Settings\plocke\My Documents\My Dropbox\SudokuSolver\Tests\bin\Debug\Tests.dll" adapterTypeName="Microsoft.VisualStudio.TestTools.TestTypes.Unit.UnitTestAdapter, Microsoft.VisualStudio.QualityTools.Tips.UnitTest.Adapter, Version=10.0.0.0, Culture=neutral, PublicKeyToken=b03f5f7f11d50a3a" className="Tests.TileTest, Tests" name="get_tile_possible_answers" />
    </UnitTest>
    <UnitTest name="Initialize_Tile" storage="c:\documents and settings\plocke\my documents\my dropbox\sudokusolver\tests\bin\debug\tests.dll" id="ea60075d-4a72-61f9-24cb-77037a7c05a6">
      <Execution id="c76de2ea-93f9-4709-ba52-14b251809e11" />
      <TestMethod codeBase="C:\Documents and Settings\plocke\My Documents\My Dropbox\SudokuSolver\Tests\bin\Debug\Tests.dll" adapterTypeName="Microsoft.VisualStudio.TestTools.TestTypes.Unit.UnitTestAdapter, Microsoft.VisualStudio.QualityTools.Tips.UnitTest.Adapter, Version=10.0.0.0, Culture=neutral, PublicKeyToken=b03f5f7f11d50a3a" className="Tests.TileTest, Tests" name="Initialize_Tile" />
    </UnitTest>
    <UnitTest name="is_solved" storage="c:\documents and settings\plocke\my documents\my dropbox\sudokusolver\tests\bin\debug\tests.dll" id="80123aba-588b-d529-f865-401414bce5fe">
      <Execution id="aabb239d-7a84-4eb3-9e5f-c6d291b6c90e" />
      <TestMethod codeBase="C:\Documents and Settings\plocke\My Documents\My Dropbox\SudokuSolver\Tests\bin\Debug\Tests.dll" adapterTypeName="Microsoft.VisualStudio.TestTools.TestTypes.Unit.UnitTestAdapter, Microsoft.VisualStudio.QualityTools.Tips.UnitTest.Adapter, Version=10.0.0.0, Culture=neutral, PublicKeyToken=b03f5f7f11d50a3a" className="Tests.GridTest, Tests" name="is_solved" />
    </UnitTest>
    <UnitTest name="get_tile_answer_negative" storage="c:\documents and settings\plocke\my documents\my dropbox\sudokusolver\tests\bin\debug\tests.dll" id="45956fa6-1f6e-e559-2fa3-9cb9e4462286">
      <Execution id="07c065b4-b10c-48b4-9144-2f3925e1d4ac" />
      <TestMethod codeBase="C:\Documents and Settings\plocke\My Documents\My Dropbox\SudokuSolver\Tests\bin\Debug\Tests.dll" adapterTypeName="Microsoft.VisualStudio.TestTools.TestTypes.Unit.UnitTestAdapter, Microsoft.VisualStudio.QualityTools.Tips.UnitTest.Adapter, Version=10.0.0.0, Culture=neutral, PublicKeyToken=b03f5f7f11d50a3a" className="Tests.TileTest, Tests" name="get_tile_answer_negative" />
    </UnitTest>
    <UnitTest name="find_row" storage="c:\documents and settings\plocke\my documents\my dropbox\sudokusolver\tests\bin\debug\tests.dll" id="91a3a51f-4ca5-d33c-0a7c-fb35883de1f1">
      <Execution id="10ca001e-43a6-4a41-9866-03c422d4e63b" />
      <TestMethod codeBase="C:\Documents and Settings\plocke\My Documents\My Dropbox\SudokuSolver\Tests\bin\Debug\Tests.dll" adapterTypeName="Microsoft.VisualStudio.TestTools.TestTypes.Unit.UnitTestAdapter, Microsoft.VisualStudio.QualityTools.Tips.UnitTest.Adapter, Version=10.0.0.0, Culture=neutral, PublicKeyToken=b03f5f7f11d50a3a" className="Tests.GridTest, Tests" name="find_row" />
    </UnitTest>
    <UnitTest name="find_tile" storage="c:\documents and settings\plocke\my documents\my dropbox\sudokusolver\tests\bin\debug\tests.dll" id="3516c277-bcf6-13ac-9e1d-43b24459828b">
      <Execution id="95345ef4-890b-4852-a8f6-337450af0e78" />
      <TestMethod codeBase="C:\Documents and Settings\plocke\My Documents\My Dropbox\SudokuSolver\Tests\bin\Debug\Tests.dll" adapterTypeName="Microsoft.VisualStudio.TestTools.TestTypes.Unit.UnitTestAdapter, Microsoft.VisualStudio.QualityTools.Tips.UnitTest.Adapter, Version=10.0.0.0, Culture=neutral, PublicKeyToken=b03f5f7f11d50a3a" className="Tests.GridTest, Tests" name="find_tile" />
    </UnitTest>
    <UnitTest name="solve_evil_test_no_brute_force" storage="c:\documents and settings\plocke\my documents\my dropbox\sudokusolver\tests\bin\debug\tests.dll" id="fe8ba9a5-e461-4d1a-63f1-5567f58780e1">
      <Execution id="1084c594-9722-4743-b539-b7456c4f0f30" />
      <TestMethod codeBase="C:\Documents and Settings\plocke\My Documents\My Dropbox\SudokuSolver\Tests\bin\Debug\Tests.dll" adapterTypeName="Microsoft.VisualStudio.TestTools.TestTypes.Unit.UnitTestAdapter, Microsoft.VisualStudio.QualityTools.Tips.UnitTest.Adapter, Version=10.0.0.0, Culture=neutral, PublicKeyToken=b03f5f7f11d50a3a" className="Tests.SolverTest, Tests" name="solve_evil_test_no_brute_force" />
    </UnitTest>
    <UnitTest name="MyTestInitialize" storage="c:\documents and settings\plocke\my documents\my dropbox\sudokusolver\tests\bin\debug\tests.dll" id="9728d8dc-2c1f-eae3-69bb-0598a58596ff">
      <Execution id="39d50487-6e7b-487e-b2de-72e04a27ca5a" />
      <TestMethod codeBase="C:\Documents and Settings\plocke\My Documents\My Dropbox\SudokuSolver\Tests\bin\Debug\Tests.dll" adapterTypeName="Microsoft.VisualStudio.TestTools.TestTypes.Unit.UnitTestAdapter, Microsoft.VisualStudio.QualityTools.Tips.UnitTest.Adapter, Version=10.0.0.0, Culture=neutral, PublicKeyToken=b03f5f7f11d50a3a" className="Tests.SolverTest, Tests" name="MyTestInitialize" />
    </UnitTest>
    <UnitTest name="find_group" storage="c:\documents and settings\plocke\my documents\my dropbox\sudokusolver\tests\bin\debug\tests.dll" id="87783e61-37cd-6c96-5308-ee61a5090e8e">
      <Execution id="28881882-a167-4f97-ab75-79e50a223ee2" />
      <TestMethod codeBase="C:\Documents and Settings\plocke\My Documents\My Dropbox\SudokuSolver\Tests\bin\Debug\Tests.dll" adapterTypeName="Microsoft.VisualStudio.TestTools.TestTypes.Unit.UnitTestAdapter, Microsoft.VisualStudio.QualityTools.Tips.UnitTest.Adapter, Version=10.0.0.0, Culture=neutral, PublicKeyToken=b03f5f7f11d50a3a" className="Tests.GridTest, Tests" name="find_group" />
    </UnitTest>
    <UnitTest name="Set_Tile_Group" storage="c:\documents and settings\plocke\my documents\my dropbox\sudokusolver\tests\bin\debug\tests.dll" id="6cbe25d8-fa90-3d6f-0b42-af20aaac3195">
      <Execution id="96a7b586-26fe-4d67-8915-b8b3c09f547b" />
      <TestMethod codeBase="C:\Documents and Settings\plocke\My Documents\My Dropbox\SudokuSolver\Tests\bin\Debug\Tests.dll" adapterTypeName="Microsoft.VisualStudio.TestTools.TestTypes.Unit.UnitTestAdapter, Microsoft.VisualStudio.QualityTools.Tips.UnitTest.Adapter, Version=10.0.0.0, Culture=neutral, PublicKeyToken=b03f5f7f11d50a3a" className="Tests.TileTest, Tests" name="Set_Tile_Group" />
    </UnitTest>
    <UnitTest name="remove_possible_answers" storage="c:\documents and settings\plocke\my documents\my dropbox\sudokusolver\tests\bin\debug\tests.dll" id="8d230e59-e3bc-0c2c-ded1-1b4ec89fac03">
      <Execution id="a10524c0-b167-424a-b837-b87312db6ef0" />
      <TestMethod codeBase="C:\Documents and Settings\plocke\My Documents\My Dropbox\SudokuSolver\Tests\bin\Debug\Tests.dll" adapterTypeName="Microsoft.VisualStudio.TestTools.TestTypes.Unit.UnitTestAdapter, Microsoft.VisualStudio.QualityTools.Tips.UnitTest.Adapter, Version=10.0.0.0, Culture=neutral, PublicKeyToken=b03f5f7f11d50a3a" className="Tests.TileTest, Tests" name="remove_possible_answers" />
    </UnitTest>
    <UnitTest name="cannot_solve_puzzle" storage="c:\documents and settings\plocke\my documents\my dropbox\sudokusolver\tests\bin\debug\tests.dll" id="ec690798-bdec-14a3-75e4-807615f0b119">
      <Execution id="18824ff1-db5e-40e4-a44f-5fa027e6bd05" />
      <TestMethod codeBase="C:\Documents and Settings\plocke\My Documents\My Dropbox\SudokuSolver\Tests\bin\Debug\Tests.dll" adapterTypeName="Microsoft.VisualStudio.TestTools.TestTypes.Unit.UnitTestAdapter, Microsoft.VisualStudio.QualityTools.Tips.UnitTest.Adapter, Version=10.0.0.0, Culture=neutral, PublicKeyToken=b03f5f7f11d50a3a" className="Tests.SolverTest, Tests" name="cannot_solve_puzzle" />
    </UnitTest>
    <UnitTest name="is_not_solved" storage="c:\documents and settings\plocke\my documents\my dropbox\sudokusolver\tests\bin\debug\tests.dll" id="5aa1415c-cb70-7e4c-015c-55f6f91bf315">
      <Execution id="3d9a6eb7-77c2-4210-926c-91aaf37f0abe" />
      <TestMethod codeBase="C:\Documents and Settings\plocke\My Documents\My Dropbox\SudokuSolver\Tests\bin\Debug\Tests.dll" adapterTypeName="Microsoft.VisualStudio.TestTools.TestTypes.Unit.UnitTestAdapter, Microsoft.VisualStudio.QualityTools.Tips.UnitTest.Adapter, Version=10.0.0.0, Culture=neutral, PublicKeyToken=b03f5f7f11d50a3a" className="Tests.GridTest, Tests" name="is_not_solved" />
    </UnitTest>
    <UnitTest name="solve_need_subgroup_reduction" storage="c:\documents and settings\plocke\my documents\my dropbox\sudokusolver\tests\bin\debug\tests.dll" id="7d4e23b1-5a66-74a5-7c71-7576c74dab77">
      <Execution id="f98b7ccb-07cc-4494-a9ff-e209b7a3cd18" />
      <TestMethod codeBase="C:\Documents and Settings\plocke\My Documents\My Dropbox\SudokuSolver\Tests\bin\Debug\Tests.dll" adapterTypeName="Microsoft.VisualStudio.TestTools.TestTypes.Unit.UnitTestAdapter, Microsoft.VisualStudio.QualityTools.Tips.UnitTest.Adapter, Version=10.0.0.0, Culture=neutral, PublicKeyToken=b03f5f7f11d50a3a" className="Tests.SolverTest, Tests" name="solve_need_subgroup_reduction" />
    </UnitTest>
    <UnitTest name="solve_with_XWing" storage="c:\documents and settings\plocke\my documents\my dropbox\sudokusolver\tests\bin\debug\tests.dll" id="38076ad9-a778-93a0-3b94-f861ef568dd0">
      <Execution id="96e974b2-433c-44ee-b90f-2fbd2b3d5769" />
      <TestMethod codeBase="C:\Documents and Settings\plocke\My Documents\My Dropbox\SudokuSolver\Tests\bin\Debug\Tests.dll" adapterTypeName="Microsoft.VisualStudio.TestTools.TestTypes.Unit.UnitTestAdapter, Microsoft.VisualStudio.QualityTools.Tips.UnitTest.Adapter, Version=10.0.0.0, Culture=neutral, PublicKeyToken=b03f5f7f11d50a3a" className="Tests.SolverTest, Tests" name="solve_with_XWing" />
    </UnitTest>
    <UnitTest name="get_set_tile_answer" storage="c:\documents and settings\plocke\my documents\my dropbox\sudokusolver\tests\bin\debug\tests.dll" id="8ae0ddc5-e013-7c99-fb85-b54bee06e566">
      <Execution id="b0b85a49-d638-4dc3-b377-0045dacea2ff" />
      <TestMethod codeBase="C:\Documents and Settings\plocke\My Documents\My Dropbox\SudokuSolver\Tests\bin\Debug\Tests.dll" adapterTypeName="Microsoft.VisualStudio.TestTools.TestTypes.Unit.UnitTestAdapter, Microsoft.VisualStudio.QualityTools.Tips.UnitTest.Adapter, Version=10.0.0.0, Culture=neutral, PublicKeyToken=b03f5f7f11d50a3a" className="Tests.TileTest, Tests" name="get_set_tile_answer" />
    </UnitTest>
    <UnitTest name="verify_test" storage="c:\documents and settings\plocke\my documents\my dropbox\sudokusolver\tests\bin\debug\tests.dll" id="774600c6-52b9-0762-68e7-fcbcdb6b0895">
      <Execution id="9fc970fb-7045-4f33-9b13-320c7f48626a" />
      <TestMethod codeBase="C:\Documents and Settings\plocke\My Documents\My Dropbox\SudokuSolver\Tests\bin\Debug\Tests.dll" adapterTypeName="Microsoft.VisualStudio.TestTools.TestTypes.Unit.UnitTestAdapter, Microsoft.VisualStudio.QualityTools.Tips.UnitTest.Adapter, Version=10.0.0.0, Culture=neutral, PublicKeyToken=b03f5f7f11d50a3a" className="Tests.GridTest, Tests" name="verify_test" />
    </UnitTest>
    <UnitTest name="find_column" storage="c:\documents and settings\plocke\my documents\my dropbox\sudokusolver\tests\bin\debug\tests.dll" id="3f28a37f-5e35-afa7-bcd8-53796e12d019">
      <Execution id="b3d7b41a-d0d6-4c26-a172-bab361d53535" />
      <TestMethod codeBase="C:\Documents and Settings\plocke\My Documents\My Dropbox\SudokuSolver\Tests\bin\Debug\Tests.dll" adapterTypeName="Microsoft.VisualStudio.TestTools.TestTypes.Unit.UnitTestAdapter, Microsoft.VisualStudio.QualityTools.Tips.UnitTest.Adapter, Version=10.0.0.0, Culture=neutral, PublicKeyToken=b03f5f7f11d50a3a" className="Tests.GridTest, Tests" name="find_column" />
    </UnitTest>
    <UnitTest name="solve_easy" storage="c:\documents and settings\plocke\my documents\my dropbox\sudokusolver\tests\bin\debug\tests.dll" id="f3b1fb54-ec21-1172-e4a2-250ae8db93b1">
      <Execution id="6e1d5934-a693-4ae6-88f5-e7aa0c9364e5" />
      <TestMethod codeBase="C:\Documents and Settings\plocke\My Documents\My Dropbox\SudokuSolver\Tests\bin\Debug\Tests.dll" adapterTypeName="Microsoft.VisualStudio.TestTools.TestTypes.Unit.UnitTestAdapter, Microsoft.VisualStudio.QualityTools.Tips.UnitTest.Adapter, Version=10.0.0.0, Culture=neutral, PublicKeyToken=b03f5f7f11d50a3a" className="Tests.SolverTest, Tests" name="solve_easy" />
    </UnitTest>
    <UnitTest name="tile_is_solved" storage="c:\documents and settings\plocke\my documents\my dropbox\sudokusolver\tests\bin\debug\tests.dll" id="85fe9f7f-c539-a291-bb10-291cdb103ff3">
      <Execution id="eb3f2379-ad28-4559-8ea8-32eb39ccda8c" />
      <TestMethod codeBase="C:\Documents and Settings\plocke\My Documents\My Dropbox\SudokuSolver\Tests\bin\Debug\Tests.dll" adapterTypeName="Microsoft.VisualStudio.TestTools.TestTypes.Unit.UnitTestAdapter, Microsoft.VisualStudio.QualityTools.Tips.UnitTest.Adapter, Version=10.0.0.0, Culture=neutral, PublicKeyToken=b03f5f7f11d50a3a" className="Tests.TileTest, Tests" name="tile_is_solved" />
    </UnitTest>
    <UnitTest name="Get_answered" storage="c:\documents and settings\plocke\my documents\my dropbox\sudokusolver\tests\bin\debug\tests.dll" id="037fdeeb-8cc5-15a0-13b3-210788b5f421">
      <Execution id="debc4eed-15ce-429b-8992-e0390e4efa64" />
      <TestMethod codeBase="C:\Documents and Settings\plocke\My Documents\My Dropbox\SudokuSolver\Tests\bin\Debug\Tests.dll" adapterTypeName="Microsoft.VisualStudio.TestTools.TestTypes.Unit.UnitTestAdapter, Microsoft.VisualStudio.QualityTools.Tips.UnitTest.Adapter, Version=10.0.0.0, Culture=neutral, PublicKeyToken=b03f5f7f11d50a3a" className="Tests.StrategyTest, Tests" name="Get_answered" />
    </UnitTest>
    <UnitTest name="solve_evil_with_brute_force_test" storage="c:\documents and settings\plocke\my documents\my dropbox\sudokusolver\tests\bin\debug\tests.dll" id="060079a3-f240-85b7-576f-b9e45c0dbcfb">
      <Execution id="25c49b42-2dcc-435e-aa9e-b508b060b0f0" />
      <TestMethod codeBase="C:\Documents and Settings\plocke\My Documents\My Dropbox\SudokuSolver\Tests\bin\Debug\Tests.dll" adapterTypeName="Microsoft.VisualStudio.TestTools.TestTypes.Unit.UnitTestAdapter, Microsoft.VisualStudio.QualityTools.Tips.UnitTest.Adapter, Version=10.0.0.0, Culture=neutral, PublicKeyToken=b03f5f7f11d50a3a" className="Tests.SolverTest, Tests" name="solve_evil_with_brute_force_test" />
    </UnitTest>
    <UnitTest name="grid_to_string" storage="c:\documents and settings\plocke\my documents\my dropbox\sudokusolver\tests\bin\debug\tests.dll" id="4b3be3d2-f8b5-2334-36dc-b63f181b8b67">
      <Execution id="2231397c-ae7c-4745-a81a-42e6007e611a" />
      <TestMethod codeBase="C:\Documents and Settings\plocke\My Documents\My Dropbox\SudokuSolver\Tests\bin\Debug\Tests.dll" adapterTypeName="Microsoft.VisualStudio.TestTools.TestTypes.Unit.UnitTestAdapter, Microsoft.VisualStudio.QualityTools.Tips.UnitTest.Adapter, Version=10.0.0.0, Culture=neutral, PublicKeyToken=b03f5f7f11d50a3a" className="Tests.GridTest, Tests" name="grid_to_string" />
    </UnitTest>
  </TestDefinitions>
  <TestLists>
    <TestList name="Results Not in a List" id="8c84fa94-04c1-424b-9868-57a2d4851a1d" />
    <TestList name="All Loaded Results" id="19431567-8539-422a-85d7-44ee4e166bda" />
  </TestLists>
  <TestEntries>
    <TestEntry testId="037fdeeb-8cc5-15a0-13b3-210788b5f421" executionId="debc4eed-15ce-429b-8992-e0390e4efa64" testListId="8c84fa94-04c1-424b-9868-57a2d4851a1d" />
    <TestEntry testId="060079a3-f240-85b7-576f-b9e45c0dbcfb" executionId="25c49b42-2dcc-435e-aa9e-b508b060b0f0" testListId="8c84fa94-04c1-424b-9868-57a2d4851a1d" />
    <TestEntry testId="1a01e16f-6a16-0a34-4b84-ddc9b631541b" executionId="7275426b-0d41-4c46-bb93-2f86d5887759" testListId="8c84fa94-04c1-424b-9868-57a2d4851a1d" />
    <TestEntry testId="3516c277-bcf6-13ac-9e1d-43b24459828b" executionId="95345ef4-890b-4852-a8f6-337450af0e78" testListId="8c84fa94-04c1-424b-9868-57a2d4851a1d" />
    <TestEntry testId="38076ad9-a778-93a0-3b94-f861ef568dd0" executionId="96e974b2-433c-44ee-b90f-2fbd2b3d5769" testListId="8c84fa94-04c1-424b-9868-57a2d4851a1d" />
    <TestEntry testId="3f28a37f-5e35-afa7-bcd8-53796e12d019" executionId="b3d7b41a-d0d6-4c26-a172-bab361d53535" testListId="8c84fa94-04c1-424b-9868-57a2d4851a1d" />
    <TestEntry testId="42185e4f-fba5-b13e-e87b-bf6ee9f6b57a" executionId="6e43b069-1aca-49a5-9b35-210c7e2f9d26" testListId="8c84fa94-04c1-424b-9868-57a2d4851a1d" />
    <TestEntry testId="45956fa6-1f6e-e559-2fa3-9cb9e4462286" executionId="07c065b4-b10c-48b4-9144-2f3925e1d4ac" testListId="8c84fa94-04c1-424b-9868-57a2d4851a1d" />
    <TestEntry testId="4b3be3d2-f8b5-2334-36dc-b63f181b8b67" executionId="2231397c-ae7c-4745-a81a-42e6007e611a" testListId="8c84fa94-04c1-424b-9868-57a2d4851a1d" />
    <TestEntry testId="5aa1415c-cb70-7e4c-015c-55f6f91bf315" executionId="3d9a6eb7-77c2-4210-926c-91aaf37f0abe" testListId="8c84fa94-04c1-424b-9868-57a2d4851a1d" />
    <TestEntry testId="6ab44e7c-e6f7-7a80-6224-ddb7baea7d12" executionId="8eb5c69c-d13d-4f76-bd3b-4e12e39e2afc" testListId="8c84fa94-04c1-424b-9868-57a2d4851a1d" />
    <TestEntry testId="6cbe25d8-fa90-3d6f-0b42-af20aaac3195" executionId="96a7b586-26fe-4d67-8915-b8b3c09f547b" testListId="8c84fa94-04c1-424b-9868-57a2d4851a1d" />
    <TestEntry testId="774600c6-52b9-0762-68e7-fcbcdb6b0895" executionId="9fc970fb-7045-4f33-9b13-320c7f48626a" testListId="8c84fa94-04c1-424b-9868-57a2d4851a1d" />
    <TestEntry testId="7d4e23b1-5a66-74a5-7c71-7576c74dab77" executionId="f98b7ccb-07cc-4494-a9ff-e209b7a3cd18" testListId="8c84fa94-04c1-424b-9868-57a2d4851a1d" />
    <TestEntry testId="80123aba-588b-d529-f865-401414bce5fe" executionId="aabb239d-7a84-4eb3-9e5f-c6d291b6c90e" testListId="8c84fa94-04c1-424b-9868-57a2d4851a1d" />
    <TestEntry testId="85fe9f7f-c539-a291-bb10-291cdb103ff3" executionId="eb3f2379-ad28-4559-8ea8-32eb39ccda8c" testListId="8c84fa94-04c1-424b-9868-57a2d4851a1d" />
    <TestEntry testId="87783e61-37cd-6c96-5308-ee61a5090e8e" executionId="28881882-a167-4f97-ab75-79e50a223ee2" testListId="8c84fa94-04c1-424b-9868-57a2d4851a1d" />
    <TestEntry testId="8a260ca6-3ed1-0146-eefb-32c640dcc2c1" executionId="cf52eb10-b124-4bdf-86cf-29d554da1f9c" testListId="8c84fa94-04c1-424b-9868-57a2d4851a1d" />
    <TestEntry testId="8ae0ddc5-e013-7c99-fb85-b54bee06e566" executionId="b0b85a49-d638-4dc3-b377-0045dacea2ff" testListId="8c84fa94-04c1-424b-9868-57a2d4851a1d" />
    <TestEntry testId="8d230e59-e3bc-0c2c-ded1-1b4ec89fac03" executionId="a10524c0-b167-424a-b837-b87312db6ef0" testListId="8c84fa94-04c1-424b-9868-57a2d4851a1d" />
    <TestEntry testId="91a3a51f-4ca5-d33c-0a7c-fb35883de1f1" executionId="10ca001e-43a6-4a41-9866-03c422d4e63b" testListId="8c84fa94-04c1-424b-9868-57a2d4851a1d" />
    <TestEntry testId="9728d8dc-2c1f-eae3-69bb-0598a58596ff" executionId="39d50487-6e7b-487e-b2de-72e04a27ca5a" testListId="8c84fa94-04c1-424b-9868-57a2d4851a1d" />
    <TestEntry testId="a8ab2788-7bd7-40eb-4191-949ced236ffc" executionId="f2332283-f9fa-45a3-abab-11cf02deff51" testListId="8c84fa94-04c1-424b-9868-57a2d4851a1d" />
    <TestEntry testId="c2a9cb24-da84-dabd-ebef-e715c43ff7ff" executionId="52378491-d567-4a61-887a-40fb4cab22f7" testListId="8c84fa94-04c1-424b-9868-57a2d4851a1d" />
    <TestEntry testId="ea60075d-4a72-61f9-24cb-77037a7c05a6" executionId="c76de2ea-93f9-4709-ba52-14b251809e11" testListId="8c84fa94-04c1-424b-9868-57a2d4851a1d" />
    <TestEntry testId="ec690798-bdec-14a3-75e4-807615f0b119" executionId="18824ff1-db5e-40e4-a44f-5fa027e6bd05" testListId="8c84fa94-04c1-424b-9868-57a2d4851a1d" />
    <TestEntry testId="f3b1fb54-ec21-1172-e4a2-250ae8db93b1" executionId="6e1d5934-a693-4ae6-88f5-e7aa0c9364e5" testListId="8c84fa94-04c1-424b-9868-57a2d4851a1d" />
    <TestEntry testId="fe8ba9a5-e461-4d1a-63f1-5567f58780e1" executionId="1084c594-9722-4743-b539-b7456c4f0f30" testListId="8c84fa94-04c1-424b-9868-57a2d4851a1d" />
  </TestEntries>
  <Results>
    <UnitTestResult executionId="debc4eed-15ce-429b-8992-e0390e4efa64" testId="037fdeeb-8cc5-15a0-13b3-210788b5f421" testName="Get_answered" computerName="25GJB51-2" duration="00:00:00.0321152" startTime="2010-09-21T10:57:25.5737503-05:00" endTime="2010-09-21T10:57:26.4175273-05:00" testType="13cdc9d9-ddb5-4fa4-a97d-d965ccfc6d4b" outcome="Passed" testListId="8c84fa94-04c1-424b-9868-57a2d4851a1d" relativeResultsDirectory="debc4eed-15ce-429b-8992-e0390e4efa64">
    </UnitTestResult>
    <UnitTestResult executionId="25c49b42-2dcc-435e-aa9e-b508b060b0f0" testId="060079a3-f240-85b7-576f-b9e45c0dbcfb" testName="solve_evil_with_brute_force_test" computerName="25GJB51-2" duration="00:00:00.1694686" startTime="2010-09-21T10:57:26.4331528-05:00" endTime="2010-09-21T10:57:26.6206588-05:00" testType="13cdc9d9-ddb5-4fa4-a97d-d965ccfc6d4b" outcome="Passed" testListId="8c84fa94-04c1-424b-9868-57a2d4851a1d" relativeResultsDirectory="25c49b42-2dcc-435e-aa9e-b508b060b0f0">
      <Output>
        <DebugTrace>57842836561684324351941828583272436167754948245612435639275782391219758436879366786154898341239873952149871821463652869368154469387312148897671489765272526312854236863759598681544383123693519768471214286793295846861542131463786798689253163971129712921483594271812337297667988198386433459127376291219241592223463786796883197112153629712921495829327148681542131463786798689719318129259427381472393625612337299798768368783433421492126719565159192223463786798871973181954221253682914292397138546213823176975486154638312914798765958238219167394523984121397687938615441463831291389876569348297625525869368154463873129147985766689354217529382182394312683729755921555511975954299181377689486386862874132361461571839146839857647829786152592614324138631868292634952749841335967719527598674683829786152613493148139146186832926349529867534187498759183895275967868154634143621394128979183794961475283786518666234199723414752857689286815963414317236148681525758673297614313414164251975954183768986347826143291431215686813952614783876861623419143128878676816341413289723146162138179793861544146383129138987656934829762552539241975368242631729519983175986764983874123126386841923186836862841971594715764319158986386826341931594715769587412995175986746836862841971953641281559548232686168371419767894139813959432868153683715867419724161932841239876872398615476568379138214714316341651958623681547569739138786214714316341651958681239545412376126384638678965957193481527938147291923</DebugTrace>
      </Output>
    </UnitTestResult>
    <UnitTestResult executionId="7275426b-0d41-4c46-bb93-2f86d5887759" testId="1a01e16f-6a16-0a34-4b84-ddc9b631541b" testName="GetMatchingTilesTest" computerName="25GJB51-2" duration="00:00:00.0409855" startTime="2010-09-21T10:57:26.6362843-05:00" endTime="2010-09-21T10:57:26.6831608-05:00" testType="13cdc9d9-ddb5-4fa4-a97d-d965ccfc6d4b" outcome="Passed" testListId="8c84fa94-04c1-424b-9868-57a2d4851a1d" relativeResultsDirectory="7275426b-0d41-4c46-bb93-2f86d5887759">
    </UnitTestResult>
    <UnitTestResult executionId="95345ef4-890b-4852-a8f6-337450af0e78" testId="3516c277-bcf6-13ac-9e1d-43b24459828b" testName="find_tile" computerName="25GJB51-2" duration="00:00:00.0196621" startTime="2010-09-21T10:57:26.7144118-05:00" endTime="2010-09-21T10:57:26.7456628-05:00" testType="13cdc9d9-ddb5-4fa4-a97d-d965ccfc6d4b" outcome="Passed" testListId="8c84fa94-04c1-424b-9868-57a2d4851a1d" relativeResultsDirectory="95345ef4-890b-4852-a8f6-337450af0e78">
      <Output>
        <DebugTrace>57842836561684324351941828583272436</DebugTrace>
      </Output>
    </UnitTestResult>
    <UnitTestResult executionId="96e974b2-433c-44ee-b90f-2fbd2b3d5769" testId="38076ad9-a778-93a0-3b94-f861ef568dd0" testName="solve_with_XWing" computerName="25GJB51-2" duration="00:00:00.6953106" startTime="2010-09-21T10:57:26.7769138-05:00" endTime="2010-09-21T10:57:27.4956868-05:00" testType="13cdc9d9-ddb5-4fa4-a97d-d965ccfc6d4b" outcome="Passed" testListId="8c84fa94-04c1-424b-9868-57a2d4851a1d" relativeResultsDirectory="96e974b2-433c-44ee-b90f-2fbd2b3d5769">
      <Output>
        <DebugTrace>57842836561684324351941828583272436167754948245612435639275784746551894999793582354146387131231286867829127392683615</DebugTrace>
      </Output>
    </UnitTestResult>
    <UnitTestResult executionId="b3d7b41a-d0d6-4c26-a172-bab361d53535" testId="3f28a37f-5e35-afa7-bcd8-53796e12d019" testName="find_column" computerName="25GJB51-2" duration="00:00:00.0090452" startTime="2010-09-21T10:57:27.5269378-05:00" endTime="2010-09-21T10:57:27.5425633-05:00" testType="13cdc9d9-ddb5-4fa4-a97d-d965ccfc6d4b" outcome="Passed" testListId="8c84fa94-04c1-424b-9868-57a2d4851a1d" relativeResultsDirectory="b3d7b41a-d0d6-4c26-a172-bab361d53535">
      <Output>
        <DebugTrace>57842836561684324351941828583272436</DebugTrace>
      </Output>
    </UnitTestResult>
    <UnitTestResult executionId="6e43b069-1aca-49a5-9b35-210c7e2f9d26" testId="42185e4f-fba5-b13e-e87b-bf6ee9f6b57a" testName="get_tile_possible_answers" computerName="25GJB51-2" duration="00:00:00.0014434" startTime="2010-09-21T10:57:27.5738143-05:00" endTime="2010-09-21T10:57:27.5894398-05:00" testType="13cdc9d9-ddb5-4fa4-a97d-d965ccfc6d4b" outcome="Passed" testListId="8c84fa94-04c1-424b-9868-57a2d4851a1d" relativeResultsDirectory="6e43b069-1aca-49a5-9b35-210c7e2f9d26">
    </UnitTestResult>
    <UnitTestResult executionId="07c065b4-b10c-48b4-9144-2f3925e1d4ac" testId="45956fa6-1f6e-e559-2fa3-9cb9e4462286" testName="get_tile_answer_negative" computerName="25GJB51-2" duration="00:00:00.0017919" startTime="2010-09-21T10:57:27.6206908-05:00" endTime="2010-09-21T10:57:27.6363163-05:00" testType="13cdc9d9-ddb5-4fa4-a97d-d965ccfc6d4b" outcome="Passed" testListId="8c84fa94-04c1-424b-9868-57a2d4851a1d" relativeResultsDirectory="07c065b4-b10c-48b4-9144-2f3925e1d4ac">
    </UnitTestResult>
    <UnitTestResult executionId="2231397c-ae7c-4745-a81a-42e6007e611a" testId="4b3be3d2-f8b5-2334-36dc-b63f181b8b67" testName="grid_to_string" computerName="25GJB51-2" duration="00:00:00.0029649" startTime="2010-09-21T10:57:27.6519418-05:00" endTime="2010-09-21T10:57:27.6675673-05:00" testType="13cdc9d9-ddb5-4fa4-a97d-d965ccfc6d4b" outcome="Passed" testListId="8c84fa94-04c1-424b-9868-57a2d4851a1d" relativeResultsDirectory="2231397c-ae7c-4745-a81a-42e6007e611a">
      <Output>
        <DebugTrace>57842836561684324351941828583272436</DebugTrace>
      </Output>
    </UnitTestResult>
    <UnitTestResult executionId="3d9a6eb7-77c2-4210-926c-91aaf37f0abe" testId="5aa1415c-cb70-7e4c-015c-55f6f91bf315" testName="is_not_solved" computerName="25GJB51-2" duration="00:00:00.0031083" startTime="2010-09-21T10:57:27.6831928-05:00" endTime="2010-09-21T10:57:27.6988183-05:00" testType="13cdc9d9-ddb5-4fa4-a97d-d965ccfc6d4b" outcome="Passed" testListId="8c84fa94-04c1-424b-9868-57a2d4851a1d" relativeResultsDirectory="3d9a6eb7-77c2-4210-926c-91aaf37f0abe">
      <Output>
        <DebugTrace>57842836561684324351941828583272436</DebugTrace>
      </Output>
    </UnitTestResult>
    <UnitTestResult executionId="8eb5c69c-d13d-4f76-bd3b-4e12e39e2afc" testId="6ab44e7c-e6f7-7a80-6224-ddb7baea7d12" testName="Load_Strategies" computerName="25GJB51-2" duration="00:00:00.0053961" startTime="2010-09-21T10:57:27.6988183-05:00" endTime="2010-09-21T10:57:27.7300693-05:00" testType="13cdc9d9-ddb5-4fa4-a97d-d965ccfc6d4b" outcome="Passed" testListId="8c84fa94-04c1-424b-9868-57a2d4851a1d" relativeResultsDirectory="8eb5c69c-d13d-4f76-bd3b-4e12e39e2afc">
      <Output>
        <DebugTrace>578428365616843243519418285832724364765397295278461143259845328</DebugTrace>
      </Output>
    </UnitTestResult>
    <UnitTestResult executionId="96a7b586-26fe-4d67-8915-b8b3c09f547b" testId="6cbe25d8-fa90-3d6f-0b42-af20aaac3195" testName="Set_Tile_Group" computerName="25GJB51-2" duration="00:00:00.0014729" startTime="2010-09-21T10:57:27.7456948-05:00" endTime="2010-09-21T10:57:27.7456948-05:00" testType="13cdc9d9-ddb5-4fa4-a97d-d965ccfc6d4b" outcome="Passed" testListId="8c84fa94-04c1-424b-9868-57a2d4851a1d" relativeResultsDirectory="96a7b586-26fe-4d67-8915-b8b3c09f547b">
    </UnitTestResult>
    <UnitTestResult executionId="9fc970fb-7045-4f33-9b13-320c7f48626a" testId="774600c6-52b9-0762-68e7-fcbcdb6b0895" testName="verify_test" computerName="25GJB51-2" duration="00:00:00.0313937" startTime="2010-09-21T10:57:27.7925713-05:00" endTime="2010-09-21T10:57:27.8394478-05:00" testType="13cdc9d9-ddb5-4fa4-a97d-d965ccfc6d4b" outcome="Passed" testListId="8c84fa94-04c1-424b-9868-57a2d4851a1d" relativeResultsDirectory="9fc970fb-7045-4f33-9b13-320c7f48626a">
      <Output>
        <DebugTrace>57842836561684324351941828583272436182369457376254981459817632247538169938146725615792843721485396863921574594673218</DebugTrace>
      </Output>
    </UnitTestResult>
    <UnitTestResult executionId="f98b7ccb-07cc-4494-a9ff-e209b7a3cd18" testId="7d4e23b1-5a66-74a5-7c71-7576c74dab77" testName="solve_need_subgroup_reduction" computerName="25GJB51-2" duration="00:00:00.1304468" startTime="2010-09-21T10:57:27.8550733-05:00" endTime="2010-09-21T10:57:28.0113283-05:00" testType="13cdc9d9-ddb5-4fa4-a97d-d965ccfc6d4b" outcome="Passed" testListId="8c84fa94-04c1-424b-9868-57a2d4851a1d" relativeResultsDirectory="f98b7ccb-07cc-4494-a9ff-e209b7a3cd18">
      <Output>
        <DebugTrace>57842836561684324351941828583272436215871295344527517348269576919355623484187637964375634566121683492181987929483872</DebugTrace>
      </Output>
    </UnitTestResult>
    <UnitTestResult executionId="aabb239d-7a84-4eb3-9e5f-c6d291b6c90e" testId="80123aba-588b-d529-f865-401414bce5fe" testName="is_solved" computerName="25GJB51-2" duration="00:00:00.0106504" startTime="2010-09-21T10:57:28.0425793-05:00" endTime="2010-09-21T10:57:28.0582048-05:00" testType="13cdc9d9-ddb5-4fa4-a97d-d965ccfc6d4b" outcome="Passed" testListId="8c84fa94-04c1-424b-9868-57a2d4851a1d" relativeResultsDirectory="aabb239d-7a84-4eb3-9e5f-c6d291b6c90e">
      <Output>
        <DebugTrace>57842836561684324351941828583272436957849992998369599699999999916998943992435199949199829999999998995983299799924369</DebugTrace>
      </Output>
    </UnitTestResult>
    <UnitTestResult executionId="eb3f2379-ad28-4559-8ea8-32eb39ccda8c" testId="85fe9f7f-c539-a291-bb10-291cdb103ff3" testName="tile_is_solved" computerName="25GJB51-2" duration="00:00:00.0046147" startTime="2010-09-21T10:57:28.0894558-05:00" endTime="2010-09-21T10:57:28.1050813-05:00" testType="13cdc9d9-ddb5-4fa4-a97d-d965ccfc6d4b" outcome="Passed" testListId="8c84fa94-04c1-424b-9868-57a2d4851a1d" relativeResultsDirectory="eb3f2379-ad28-4559-8ea8-32eb39ccda8c">
    </UnitTestResult>
    <UnitTestResult executionId="28881882-a167-4f97-ab75-79e50a223ee2" testId="87783e61-37cd-6c96-5308-ee61a5090e8e" testName="find_group" computerName="25GJB51-2" duration="00:00:00.0066031" startTime="2010-09-21T10:57:28.1207068-05:00" endTime="2010-09-21T10:57:28.1363323-05:00" testType="13cdc9d9-ddb5-4fa4-a97d-d965ccfc6d4b" outcome="Passed" testListId="8c84fa94-04c1-424b-9868-57a2d4851a1d" relativeResultsDirectory="28881882-a167-4f97-ab75-79e50a223ee2">
      <Output>
        <DebugTrace>57842836561684324351941828583272436</DebugTrace>
      </Output>
    </UnitTestResult>
    <UnitTestResult executionId="cf52eb10-b124-4bdf-86cf-29d554da1f9c" testId="8a260ca6-3ed1-0146-eefb-32c640dcc2c1" testName="solve_medium" computerName="25GJB51-2" duration="00:00:00.1245677" startTime="2010-09-21T10:57:28.1675833-05:00" endTime="2010-09-21T10:57:28.3082128-05:00" testType="13cdc9d9-ddb5-4fa4-a97d-d965ccfc6d4b" outcome="Passed" testListId="8c84fa94-04c1-424b-9868-57a2d4851a1d" relativeResultsDirectory="cf52eb10-b124-4bdf-86cf-29d554da1f9c">
      <Output>
        <DebugTrace>57842836561684324351941828583272436489137585975624493349175852163439871248572186258983686963725524243763194161767291</DebugTrace>
      </Output>
    </UnitTestResult>
    <UnitTestResult executionId="b0b85a49-d638-4dc3-b377-0045dacea2ff" testId="8ae0ddc5-e013-7c99-fb85-b54bee06e566" testName="get_set_tile_answer" computerName="25GJB51-2" duration="00:00:00.0023304" startTime="2010-09-21T10:57:28.3394638-05:00" endTime="2010-09-21T10:57:28.3550893-05:00" testType="13cdc9d9-ddb5-4fa4-a97d-d965ccfc6d4b" outcome="Passed" testListId="8c84fa94-04c1-424b-9868-57a2d4851a1d" relativeResultsDirectory="b0b85a49-d638-4dc3-b377-0045dacea2ff">
    </UnitTestResult>
    <UnitTestResult executionId="a10524c0-b167-424a-b837-b87312db6ef0" testId="8d230e59-e3bc-0c2c-ded1-1b4ec89fac03" testName="remove_possible_answers" computerName="25GJB51-2" duration="00:00:00.0047745" startTime="2010-09-21T10:57:28.4019658-05:00" endTime="2010-09-21T10:57:28.4175913-05:00" testType="13cdc9d9-ddb5-4fa4-a97d-d965ccfc6d4b" outcome="Passed" testListId="8c84fa94-04c1-424b-9868-57a2d4851a1d" relativeResultsDirectory="a10524c0-b167-424a-b837-b87312db6ef0">
    </UnitTestResult>
    <UnitTestResult executionId="10ca001e-43a6-4a41-9866-03c422d4e63b" testId="91a3a51f-4ca5-d33c-0a7c-fb35883de1f1" testName="find_row" computerName="25GJB51-2" duration="00:00:00.0036714" startTime="2010-09-21T10:57:28.4488423-05:00" endTime="2010-09-21T10:57:28.4644678-05:00" testType="13cdc9d9-ddb5-4fa4-a97d-d965ccfc6d4b" outcome="Passed" testListId="8c84fa94-04c1-424b-9868-57a2d4851a1d" relativeResultsDirectory="10ca001e-43a6-4a41-9866-03c422d4e63b">
      <Output>
        <DebugTrace>57842836561684324351941828583272436</DebugTrace>
      </Output>
    </UnitTestResult>
    <UnitTestResult executionId="39d50487-6e7b-487e-b2de-72e04a27ca5a" testId="9728d8dc-2c1f-eae3-69bb-0598a58596ff" testName="MyTestInitialize" computerName="25GJB51-2" duration="00:00:00.0044005" startTime="2010-09-21T10:57:28.4957188-05:00" endTime="2010-09-21T10:57:28.5113443-05:00" testType="13cdc9d9-ddb5-4fa4-a97d-d965ccfc6d4b" outcome="Passed" testListId="8c84fa94-04c1-424b-9868-57a2d4851a1d" relativeResultsDirectory="39d50487-6e7b-487e-b2de-72e04a27ca5a">
      <Output>
        <DebugTrace>5784283656168432435194182858327243657842836561684324351941828583272436</DebugTrace>
      </Output>
    </UnitTestResult>
    <UnitTestResult executionId="f2332283-f9fa-45a3-abab-11cf02deff51" testId="a8ab2788-7bd7-40eb-4191-949ced236ffc" testName="GetUniqueAnswersTest" computerName="25GJB51-2" duration="00:00:00.0033625" startTime="2010-09-21T10:57:28.5269698-05:00" endTime="2010-09-21T10:57:28.5582208-05:00" testType="13cdc9d9-ddb5-4fa4-a97d-d965ccfc6d4b" outcome="Passed" testListId="8c84fa94-04c1-424b-9868-57a2d4851a1d" relativeResultsDirectory="f2332283-f9fa-45a3-abab-11cf02deff51">
    </UnitTestResult>
    <UnitTestResult executionId="52378491-d567-4a61-887a-40fb4cab22f7" testId="c2a9cb24-da84-dabd-ebef-e715c43ff7ff" testName="MyTestInitialize" computerName="25GJB51-2" duration="00:00:00.0046149" startTime="2010-09-21T10:57:28.5894718-05:00" endTime="2010-09-21T10:57:28.6050973-05:00" testType="13cdc9d9-ddb5-4fa4-a97d-d965ccfc6d4b" outcome="Passed" testListId="8c84fa94-04c1-424b-9868-57a2d4851a1d" relativeResultsDirectory="52378491-d567-4a61-887a-40fb4cab22f7">
      <Output>
        <DebugTrace>5784283656168432435194182858327243657842836561684324351941828583272436</DebugTrace>
      </Output>
    </UnitTestResult>
    <UnitTestResult executionId="c76de2ea-93f9-4709-ba52-14b251809e11" testId="ea60075d-4a72-61f9-24cb-77037a7c05a6" testName="Initialize_Tile" computerName="25GJB51-2" duration="00:00:00.0014209" startTime="2010-09-21T10:57:28.6207228-05:00" endTime="2010-09-21T10:57:28.6519738-05:00" testType="13cdc9d9-ddb5-4fa4-a97d-d965ccfc6d4b" outcome="Passed" testListId="8c84fa94-04c1-424b-9868-57a2d4851a1d" relativeResultsDirectory="c76de2ea-93f9-4709-ba52-14b251809e11">
    </UnitTestResult>
    <UnitTestResult executionId="18824ff1-db5e-40e4-a44f-5fa027e6bd05" testId="ec690798-bdec-14a3-75e4-807615f0b119" testName="cannot_solve_puzzle" computerName="25GJB51-2" duration="00:00:00.0520187" startTime="2010-09-21T10:57:28.6675993-05:00" endTime="2010-09-21T10:57:28.7301013-05:00" testType="13cdc9d9-ddb5-4fa4-a97d-d965ccfc6d4b" outcome="Passed" testListId="8c84fa94-04c1-424b-9868-57a2d4851a1d" relativeResultsDirectory="18824ff1-db5e-40e4-a44f-5fa027e6bd05">
      <Output>
        <DebugTrace>578428365616843243519418285832724361677549482456124356392757847465518949</DebugTrace>
      </Output>
    </UnitTestResult>
    <UnitTestResult executionId="6e1d5934-a693-4ae6-88f5-e7aa0c9364e5" testId="f3b1fb54-ec21-1172-e4a2-250ae8db93b1" testName="solve_easy" computerName="25GJB51-2" duration="00:00:00.0584925" startTime="2010-09-21T10:57:28.7613523-05:00" endTime="2010-09-21T10:57:28.8394798-05:00" testType="13cdc9d9-ddb5-4fa4-a97d-d965ccfc6d4b" outcome="Passed" testListId="8c84fa94-04c1-424b-9868-57a2d4851a1d" relativeResultsDirectory="6e1d5934-a693-4ae6-88f5-e7aa0c9364e5">
      <Output>
        <DebugTrace>57842836561684324351941828583272436476539729527846114325984532891684234593718183673154325142965736787169459862621789</DebugTrace>
      </Output>
    </UnitTestResult>
    <UnitTestResult executionId="1084c594-9722-4743-b539-b7456c4f0f30" testId="fe8ba9a5-e461-4d1a-63f1-5567f58780e1" testName="solve_evil_test_no_brute_force" computerName="25GJB51-2" duration="00:00:00.7166935" startTime="2010-09-21T10:57:28.8707308-05:00" endTime="2010-09-21T10:57:29.6051293-05:00" testType="13cdc9d9-ddb5-4fa4-a97d-d965ccfc6d4b" outcome="Passed" testListId="8c84fa94-04c1-424b-9868-57a2d4851a1d" relativeResultsDirectory="1084c594-9722-4743-b539-b7456c4f0f30">
      <Output>
        <DebugTrace>57842836561684324351941828583272436167754948245612435639275784746551894999793582354146387131231286867829127392683615</DebugTrace>
      </Output>
    </UnitTestResult>
  </Results>
</TestRun>