<?xml version="1.0" encoding="UTF-8"?>
<TestRun id="564ad5ae-63f3-4365-bda4-abe7f0d5b0ee" name="PLOCKE@25GJB51-2 2011-04-01 12:59:33" runUser="MSDOMAIN1\PLOCKE" xmlns="http://microsoft.com/schemas/VisualStudio/TeamTest/2010">
  <TestSettings name="Local" id="f7182292-f7f3-47b9-ab7d-6a0f41f28cfe">
    <Description>These are default test settings for a local test run.</Description>
    <Deployment enabled="false" runDeploymentRoot="PLOCKE_25GJB51-2 2011-04-01 12_59_33">
      <DeploymentItem filename="C:\Documents and Settings\plocke\My Documents\My Dropbox\SudokuSolver\Solver\bin\Debug\Solver.dll" />
    </Deployment>
    <Execution>
      <Timeouts runTimeout="30000" testTimeout="30000" />
      <TestTypeSpecific>
        <UnitTestRunConfig testTypeId="13cdc9d9-ddb5-4fa4-a97d-d965ccfc6d4b">
          <AssemblyResolution>
            <TestDirectory useLoadContext="true" />
          </AssemblyResolution>
        </UnitTestRunConfig>
      </TestTypeSpecific>
      <AgentRule name="Execution Agents">
      </AgentRule>
    </Execution>
  </TestSettings>
  <Times creation="2011-04-01T12:59:33.7056196-05:00" queuing="2011-04-01T12:59:43.1744302-05:00" start="2011-04-01T12:59:43.9088099-05:00" finish="2011-04-01T12:59:52.7369914-05:00" />
  <ResultSummary outcome="Completed">
    <Counters total="29" executed="29" passed="29" error="0" failed="0" timeout="0" aborted="0" inconclusive="0" passedButRunAborted="0" notRunnable="0" notExecuted="0" disconnected="0" warning="0" completed="0" inProgress="0" pending="0" />
  </ResultSummary>
  <TestDefinitions>
    <UnitTest name="GetMatchingTilesTest" storage="c:\documents and settings\plocke\my documents\my dropbox\sudokusolver\tests\bin\debug\tests.dll" id="1a01e16f-6a16-0a34-4b84-ddc9b631541b">
      <Execution id="c4af7e7c-5d9e-4841-abb9-eba85f258ff1" />
      <TestMethod codeBase="C:\Documents and Settings\plocke\My Documents\My Dropbox\SudokuSolver\Tests\bin\Debug\Tests.dll" adapterTypeName="Microsoft.VisualStudio.TestTools.TestTypes.Unit.UnitTestAdapter, Microsoft.VisualStudio.QualityTools.Tips.UnitTest.Adapter, Version=10.0.0.0, Culture=neutral, PublicKeyToken=b03f5f7f11d50a3a" className="Tests.StrategyTest, Tests" name="GetMatchingTilesTest" />
    </UnitTest>
    <UnitTest name="MyTestInitialize" storage="c:\documents and settings\plocke\my documents\my dropbox\sudokusolver\tests\bin\debug\tests.dll" id="c2a9cb24-da84-dabd-ebef-e715c43ff7ff">
      <Execution id="98aff3ff-97df-4b38-96e9-271c050bfcd0" />
      <TestMethod codeBase="C:\Documents and Settings\plocke\My Documents\My Dropbox\SudokuSolver\Tests\bin\Debug\Tests.dll" adapterTypeName="Microsoft.VisualStudio.TestTools.TestTypes.Unit.UnitTestAdapter, Microsoft.VisualStudio.QualityTools.Tips.UnitTest.Adapter, Version=10.0.0.0, Culture=neutral, PublicKeyToken=b03f5f7f11d50a3a" className="Tests.GridTest, Tests" name="MyTestInitialize" />
    </UnitTest>
    <UnitTest name="solve_medium" storage="c:\documents and settings\plocke\my documents\my dropbox\sudokusolver\tests\bin\debug\tests.dll" id="8a260ca6-3ed1-0146-eefb-32c640dcc2c1">
      <Execution id="4179bc35-0c7b-4491-9c80-70422da8141a" />
      <TestMethod codeBase="C:\Documents and Settings\plocke\My Documents\My Dropbox\SudokuSolver\Tests\bin\Debug\Tests.dll" adapterTypeName="Microsoft.VisualStudio.TestTools.TestTypes.Unit.UnitTestAdapter, Microsoft.VisualStudio.QualityTools.Tips.UnitTest.Adapter, Version=10.0.0.0, Culture=neutral, PublicKeyToken=b03f5f7f11d50a3a" className="Tests.SolverTest, Tests" name="solve_medium" />
    </UnitTest>
    <UnitTest name="GetUniqueAnswersTest" storage="c:\documents and settings\plocke\my documents\my dropbox\sudokusolver\tests\bin\debug\tests.dll" id="a8ab2788-7bd7-40eb-4191-949ced236ffc">
      <Execution id="2c43a654-1309-44c0-aba2-b12b69ead3d8" />
      <TestMethod codeBase="C:\Documents and Settings\plocke\My Documents\My Dropbox\SudokuSolver\Tests\bin\Debug\Tests.dll" adapterTypeName="Microsoft.VisualStudio.TestTools.TestTypes.Unit.UnitTestAdapter, Microsoft.VisualStudio.QualityTools.Tips.UnitTest.Adapter, Version=10.0.0.0, Culture=neutral, PublicKeyToken=b03f5f7f11d50a3a" className="Tests.StrategyTest, Tests" name="GetUniqueAnswersTest" />
    </UnitTest>
    <UnitTest name="get_tile_possible_answers" storage="c:\documents and settings\plocke\my documents\my dropbox\sudokusolver\tests\bin\debug\tests.dll" id="42185e4f-fba5-b13e-e87b-bf6ee9f6b57a">
      <Execution id="9fb6c791-1ee7-43ff-89af-1ed57095d9e2" />
      <TestMethod codeBase="C:\Documents and Settings\plocke\My Documents\My Dropbox\SudokuSolver\Tests\bin\Debug\Tests.dll" adapterTypeName="Microsoft.VisualStudio.TestTools.TestTypes.Unit.UnitTestAdapter, Microsoft.VisualStudio.QualityTools.Tips.UnitTest.Adapter, Version=10.0.0.0, Culture=neutral, PublicKeyToken=b03f5f7f11d50a3a" className="Tests.TileTest, Tests" name="get_tile_possible_answers" />
    </UnitTest>
    <UnitTest name="Initialize_Tile" storage="c:\documents and settings\plocke\my documents\my dropbox\sudokusolver\tests\bin\debug\tests.dll" id="ea60075d-4a72-61f9-24cb-77037a7c05a6">
      <Execution id="29fbd19e-8a1a-4eeb-94b3-2a1c54fed1b8" />
      <TestMethod codeBase="C:\Documents and Settings\plocke\My Documents\My Dropbox\SudokuSolver\Tests\bin\Debug\Tests.dll" adapterTypeName="Microsoft.VisualStudio.TestTools.TestTypes.Unit.UnitTestAdapter, Microsoft.VisualStudio.QualityTools.Tips.UnitTest.Adapter, Version=10.0.0.0, Culture=neutral, PublicKeyToken=b03f5f7f11d50a3a" className="Tests.TileTest, Tests" name="Initialize_Tile" />
    </UnitTest>
    <UnitTest name="is_solved" storage="c:\documents and settings\plocke\my documents\my dropbox\sudokusolver\tests\bin\debug\tests.dll" id="80123aba-588b-d529-f865-401414bce5fe">
      <Execution id="6efd378d-2a60-44cd-ab02-482fd0f5da76" />
      <TestMethod codeBase="C:\Documents and Settings\plocke\My Documents\My Dropbox\SudokuSolver\Tests\bin\Debug\Tests.dll" adapterTypeName="Microsoft.VisualStudio.TestTools.TestTypes.Unit.UnitTestAdapter, Microsoft.VisualStudio.QualityTools.Tips.UnitTest.Adapter, Version=10.0.0.0, Culture=neutral, PublicKeyToken=b03f5f7f11d50a3a" className="Tests.GridTest, Tests" name="is_solved" />
    </UnitTest>
    <UnitTest name="get_tile_answer_negative" storage="c:\documents and settings\plocke\my documents\my dropbox\sudokusolver\tests\bin\debug\tests.dll" id="45956fa6-1f6e-e559-2fa3-9cb9e4462286">
      <Execution id="396e4272-0381-4629-ad20-3290c5cb13af" />
      <TestMethod codeBase="C:\Documents and Settings\plocke\My Documents\My Dropbox\SudokuSolver\Tests\bin\Debug\Tests.dll" adapterTypeName="Microsoft.VisualStudio.TestTools.TestTypes.Unit.UnitTestAdapter, Microsoft.VisualStudio.QualityTools.Tips.UnitTest.Adapter, Version=10.0.0.0, Culture=neutral, PublicKeyToken=b03f5f7f11d50a3a" className="Tests.TileTest, Tests" name="get_tile_answer_negative" />
    </UnitTest>
    <UnitTest name="find_row" storage="c:\documents and settings\plocke\my documents\my dropbox\sudokusolver\tests\bin\debug\tests.dll" id="91a3a51f-4ca5-d33c-0a7c-fb35883de1f1">
      <Execution id="25fac9a0-c517-4290-877e-c65cf81c79af" />
      <TestMethod codeBase="C:\Documents and Settings\plocke\My Documents\My Dropbox\SudokuSolver\Tests\bin\Debug\Tests.dll" adapterTypeName="Microsoft.VisualStudio.TestTools.TestTypes.Unit.UnitTestAdapter, Microsoft.VisualStudio.QualityTools.Tips.UnitTest.Adapter, Version=10.0.0.0, Culture=neutral, PublicKeyToken=b03f5f7f11d50a3a" className="Tests.GridTest, Tests" name="find_row" />
    </UnitTest>
    <UnitTest name="find_tile" storage="c:\documents and settings\plocke\my documents\my dropbox\sudokusolver\tests\bin\debug\tests.dll" id="3516c277-bcf6-13ac-9e1d-43b24459828b">
      <Execution id="ba6bf328-9823-46ef-8059-89bf5378ab01" />
      <TestMethod codeBase="C:\Documents and Settings\plocke\My Documents\My Dropbox\SudokuSolver\Tests\bin\Debug\Tests.dll" adapterTypeName="Microsoft.VisualStudio.TestTools.TestTypes.Unit.UnitTestAdapter, Microsoft.VisualStudio.QualityTools.Tips.UnitTest.Adapter, Version=10.0.0.0, Culture=neutral, PublicKeyToken=b03f5f7f11d50a3a" className="Tests.GridTest, Tests" name="find_tile" />
    </UnitTest>
    <UnitTest name="solve_evil_test_no_brute_force" storage="c:\documents and settings\plocke\my documents\my dropbox\sudokusolver\tests\bin\debug\tests.dll" id="fe8ba9a5-e461-4d1a-63f1-5567f58780e1">
      <Execution id="d27ca606-7299-46c7-b32f-e58370033bd8" />
      <TestMethod codeBase="C:\Documents and Settings\plocke\My Documents\My Dropbox\SudokuSolver\Tests\bin\Debug\Tests.dll" adapterTypeName="Microsoft.VisualStudio.TestTools.TestTypes.Unit.UnitTestAdapter, Microsoft.VisualStudio.QualityTools.Tips.UnitTest.Adapter, Version=10.0.0.0, Culture=neutral, PublicKeyToken=b03f5f7f11d50a3a" className="Tests.SolverTest, Tests" name="solve_evil_test_no_brute_force" />
    </UnitTest>
    <UnitTest name="MyTestInitialize" storage="c:\documents and settings\plocke\my documents\my dropbox\sudokusolver\tests\bin\debug\tests.dll" id="9728d8dc-2c1f-eae3-69bb-0598a58596ff">
      <Execution id="422e1439-b033-49ac-828c-0b74d8a79133" />
      <TestMethod codeBase="C:\Documents and Settings\plocke\My Documents\My Dropbox\SudokuSolver\Tests\bin\Debug\Tests.dll" adapterTypeName="Microsoft.VisualStudio.TestTools.TestTypes.Unit.UnitTestAdapter, Microsoft.VisualStudio.QualityTools.Tips.UnitTest.Adapter, Version=10.0.0.0, Culture=neutral, PublicKeyToken=b03f5f7f11d50a3a" className="Tests.SolverTest, Tests" name="MyTestInitialize" />
    </UnitTest>
    <UnitTest name="find_group" storage="c:\documents and settings\plocke\my documents\my dropbox\sudokusolver\tests\bin\debug\tests.dll" id="87783e61-37cd-6c96-5308-ee61a5090e8e">
      <Execution id="312503cb-0275-4500-bedd-09a4bcb4d841" />
      <TestMethod codeBase="C:\Documents and Settings\plocke\My Documents\My Dropbox\SudokuSolver\Tests\bin\Debug\Tests.dll" adapterTypeName="Microsoft.VisualStudio.TestTools.TestTypes.Unit.UnitTestAdapter, Microsoft.VisualStudio.QualityTools.Tips.UnitTest.Adapter, Version=10.0.0.0, Culture=neutral, PublicKeyToken=b03f5f7f11d50a3a" className="Tests.GridTest, Tests" name="find_group" />
    </UnitTest>
    <UnitTest name="Set_Tile_Group" storage="c:\documents and settings\plocke\my documents\my dropbox\sudokusolver\tests\bin\debug\tests.dll" id="6cbe25d8-fa90-3d6f-0b42-af20aaac3195">
      <Execution id="b3deb2d2-c543-499a-8b93-55a5b13c13ee" />
      <TestMethod codeBase="C:\Documents and Settings\plocke\My Documents\My Dropbox\SudokuSolver\Tests\bin\Debug\Tests.dll" adapterTypeName="Microsoft.VisualStudio.TestTools.TestTypes.Unit.UnitTestAdapter, Microsoft.VisualStudio.QualityTools.Tips.UnitTest.Adapter, Version=10.0.0.0, Culture=neutral, PublicKeyToken=b03f5f7f11d50a3a" className="Tests.TileTest, Tests" name="Set_Tile_Group" />
    </UnitTest>
    <UnitTest name="remove_possible_answers" storage="c:\documents and settings\plocke\my documents\my dropbox\sudokusolver\tests\bin\debug\tests.dll" id="8d230e59-e3bc-0c2c-ded1-1b4ec89fac03">
      <Execution id="ee1760e6-42a3-4301-9d8a-9c0c119faebd" />
      <TestMethod codeBase="C:\Documents and Settings\plocke\My Documents\My Dropbox\SudokuSolver\Tests\bin\Debug\Tests.dll" adapterTypeName="Microsoft.VisualStudio.TestTools.TestTypes.Unit.UnitTestAdapter, Microsoft.VisualStudio.QualityTools.Tips.UnitTest.Adapter, Version=10.0.0.0, Culture=neutral, PublicKeyToken=b03f5f7f11d50a3a" className="Tests.TileTest, Tests" name="remove_possible_answers" />
    </UnitTest>
    <UnitTest name="is_not_solved" storage="c:\documents and settings\plocke\my documents\my dropbox\sudokusolver\tests\bin\debug\tests.dll" id="5aa1415c-cb70-7e4c-015c-55f6f91bf315">
      <Execution id="51f07522-d9b9-4a36-a068-ebcde0bcc728" />
      <TestMethod codeBase="C:\Documents and Settings\plocke\My Documents\My Dropbox\SudokuSolver\Tests\bin\Debug\Tests.dll" adapterTypeName="Microsoft.VisualStudio.TestTools.TestTypes.Unit.UnitTestAdapter, Microsoft.VisualStudio.QualityTools.Tips.UnitTest.Adapter, Version=10.0.0.0, Culture=neutral, PublicKeyToken=b03f5f7f11d50a3a" className="Tests.GridTest, Tests" name="is_not_solved" />
    </UnitTest>
    <UnitTest name="solve_need_subgroup_reduction" storage="c:\documents and settings\plocke\my documents\my dropbox\sudokusolver\tests\bin\debug\tests.dll" id="7d4e23b1-5a66-74a5-7c71-7576c74dab77">
      <Execution id="7f56c21b-5bd4-48d6-b31a-822a5a7cb07d" />
      <TestMethod codeBase="C:\Documents and Settings\plocke\My Documents\My Dropbox\SudokuSolver\Tests\bin\Debug\Tests.dll" adapterTypeName="Microsoft.VisualStudio.TestTools.TestTypes.Unit.UnitTestAdapter, Microsoft.VisualStudio.QualityTools.Tips.UnitTest.Adapter, Version=10.0.0.0, Culture=neutral, PublicKeyToken=b03f5f7f11d50a3a" className="Tests.SolverTest, Tests" name="solve_need_subgroup_reduction" />
    </UnitTest>
    <UnitTest name="solve_with_XWing" storage="c:\documents and settings\plocke\my documents\my dropbox\sudokusolver\tests\bin\debug\tests.dll" id="38076ad9-a778-93a0-3b94-f861ef568dd0">
      <Execution id="8315f7be-5ac0-4519-9cea-bfc80ab640b5" />
      <TestMethod codeBase="C:\Documents and Settings\plocke\My Documents\My Dropbox\SudokuSolver\Tests\bin\Debug\Tests.dll" adapterTypeName="Microsoft.VisualStudio.TestTools.TestTypes.Unit.UnitTestAdapter, Microsoft.VisualStudio.QualityTools.Tips.UnitTest.Adapter, Version=10.0.0.0, Culture=neutral, PublicKeyToken=b03f5f7f11d50a3a" className="Tests.SolverTest, Tests" name="solve_with_XWing" />
    </UnitTest>
    <UnitTest name="get_set_tile_answer" storage="c:\documents and settings\plocke\my documents\my dropbox\sudokusolver\tests\bin\debug\tests.dll" id="8ae0ddc5-e013-7c99-fb85-b54bee06e566">
      <Execution id="68615942-8fb7-457c-9d73-ae80e8d47d6e" />
      <TestMethod codeBase="C:\Documents and Settings\plocke\My Documents\My Dropbox\SudokuSolver\Tests\bin\Debug\Tests.dll" adapterTypeName="Microsoft.VisualStudio.TestTools.TestTypes.Unit.UnitTestAdapter, Microsoft.VisualStudio.QualityTools.Tips.UnitTest.Adapter, Version=10.0.0.0, Culture=neutral, PublicKeyToken=b03f5f7f11d50a3a" className="Tests.TileTest, Tests" name="get_set_tile_answer" />
    </UnitTest>
    <UnitTest name="verify_test" storage="c:\documents and settings\plocke\my documents\my dropbox\sudokusolver\tests\bin\debug\tests.dll" id="774600c6-52b9-0762-68e7-fcbcdb6b0895">
      <Execution id="46b72166-2d2a-4698-b869-328ecbacdb84" />
      <TestMethod codeBase="C:\Documents and Settings\plocke\My Documents\My Dropbox\SudokuSolver\Tests\bin\Debug\Tests.dll" adapterTypeName="Microsoft.VisualStudio.TestTools.TestTypes.Unit.UnitTestAdapter, Microsoft.VisualStudio.QualityTools.Tips.UnitTest.Adapter, Version=10.0.0.0, Culture=neutral, PublicKeyToken=b03f5f7f11d50a3a" className="Tests.GridTest, Tests" name="verify_test" />
    </UnitTest>
    <UnitTest name="find_column" storage="c:\documents and settings\plocke\my documents\my dropbox\sudokusolver\tests\bin\debug\tests.dll" id="3f28a37f-5e35-afa7-bcd8-53796e12d019">
      <Execution id="ded6c33b-ebb8-49f9-84ce-ccdccaa6f74f" />
      <TestMethod codeBase="C:\Documents and Settings\plocke\My Documents\My Dropbox\SudokuSolver\Tests\bin\Debug\Tests.dll" adapterTypeName="Microsoft.VisualStudio.TestTools.TestTypes.Unit.UnitTestAdapter, Microsoft.VisualStudio.QualityTools.Tips.UnitTest.Adapter, Version=10.0.0.0, Culture=neutral, PublicKeyToken=b03f5f7f11d50a3a" className="Tests.GridTest, Tests" name="find_column" />
    </UnitTest>
    <UnitTest name="load_strategies" storage="c:\documents and settings\plocke\my documents\my dropbox\sudokusolver\tests\bin\debug\tests.dll" id="a264f3c0-0eb2-f7c2-720f-98c860c74c88">
      <Execution id="a9c7f0fd-6c8e-48fd-8103-5041426046d9" />
      <TestMethod codeBase="C:\Documents and Settings\plocke\My Documents\My Dropbox\SudokuSolver\Tests\bin\Debug\Tests.dll" adapterTypeName="Microsoft.VisualStudio.TestTools.TestTypes.Unit.UnitTestAdapter, Microsoft.VisualStudio.QualityTools.Tips.UnitTest.Adapter, Version=10.0.0.0, Culture=neutral, PublicKeyToken=b03f5f7f11d50a3a" className="Tests.SolverTest, Tests" name="load_strategies" />
    </UnitTest>
    <UnitTest name="solve_easy" storage="c:\documents and settings\plocke\my documents\my dropbox\sudokusolver\tests\bin\debug\tests.dll" id="f3b1fb54-ec21-1172-e4a2-250ae8db93b1">
      <Execution id="1b02f56c-b1f1-4a73-a736-2cc7483591da" />
      <TestMethod codeBase="C:\Documents and Settings\plocke\My Documents\My Dropbox\SudokuSolver\Tests\bin\Debug\Tests.dll" adapterTypeName="Microsoft.VisualStudio.TestTools.TestTypes.Unit.UnitTestAdapter, Microsoft.VisualStudio.QualityTools.Tips.UnitTest.Adapter, Version=10.0.0.0, Culture=neutral, PublicKeyToken=b03f5f7f11d50a3a" className="Tests.SolverTest, Tests" name="solve_easy" />
    </UnitTest>
    <UnitTest name="cannot_solve_puzzle_too_hard" storage="c:\documents and settings\plocke\my documents\my dropbox\sudokusolver\tests\bin\debug\tests.dll" id="1cf8ad87-d904-81b2-c034-3d6f9eb0c206">
      <Execution id="6b790823-1d81-4787-91bd-b61edc482f51" />
      <TestMethod codeBase="C:\Documents and Settings\plocke\My Documents\My Dropbox\SudokuSolver\Tests\bin\Debug\Tests.dll" adapterTypeName="Microsoft.VisualStudio.TestTools.TestTypes.Unit.UnitTestAdapter, Microsoft.VisualStudio.QualityTools.Tips.UnitTest.Adapter, Version=10.0.0.0, Culture=neutral, PublicKeyToken=b03f5f7f11d50a3a" className="Tests.SolverTest, Tests" name="cannot_solve_puzzle_too_hard" />
    </UnitTest>
    <UnitTest name="tile_is_solved" storage="c:\documents and settings\plocke\my documents\my dropbox\sudokusolver\tests\bin\debug\tests.dll" id="85fe9f7f-c539-a291-bb10-291cdb103ff3">
      <Execution id="cc78faf9-07c6-4f1a-aa88-3ca575dd7339" />
      <TestMethod codeBase="C:\Documents and Settings\plocke\My Documents\My Dropbox\SudokuSolver\Tests\bin\Debug\Tests.dll" adapterTypeName="Microsoft.VisualStudio.TestTools.TestTypes.Unit.UnitTestAdapter, Microsoft.VisualStudio.QualityTools.Tips.UnitTest.Adapter, Version=10.0.0.0, Culture=neutral, PublicKeyToken=b03f5f7f11d50a3a" className="Tests.TileTest, Tests" name="tile_is_solved" />
    </UnitTest>
    <UnitTest name="Get_answered" storage="c:\documents and settings\plocke\my documents\my dropbox\sudokusolver\tests\bin\debug\tests.dll" id="037fdeeb-8cc5-15a0-13b3-210788b5f421">
      <Execution id="99b850a5-133d-4be0-b349-b7898ecfaf43" />
      <TestMethod codeBase="C:\Documents and Settings\plocke\My Documents\My Dropbox\SudokuSolver\Tests\bin\Debug\Tests.dll" adapterTypeName="Microsoft.VisualStudio.TestTools.TestTypes.Unit.UnitTestAdapter, Microsoft.VisualStudio.QualityTools.Tips.UnitTest.Adapter, Version=10.0.0.0, Culture=neutral, PublicKeyToken=b03f5f7f11d50a3a" className="Tests.StrategyTest, Tests" name="Get_answered" />
    </UnitTest>
    <UnitTest name="cannot_solve_invalid_puzzle" storage="c:\documents and settings\plocke\my documents\my dropbox\sudokusolver\tests\bin\debug\tests.dll" id="63b92d21-dd62-a201-65b6-ffee7ae66124">
      <Execution id="874e9334-7a08-41bd-a4c8-b2725a175cc9" />
      <TestMethod codeBase="C:\Documents and Settings\plocke\My Documents\My Dropbox\SudokuSolver\Tests\bin\Debug\Tests.dll" adapterTypeName="Microsoft.VisualStudio.TestTools.TestTypes.Unit.UnitTestAdapter, Microsoft.VisualStudio.QualityTools.Tips.UnitTest.Adapter, Version=10.0.0.0, Culture=neutral, PublicKeyToken=b03f5f7f11d50a3a" className="Tests.SolverTest, Tests" name="cannot_solve_invalid_puzzle" />
    </UnitTest>
    <UnitTest name="solve_evil_with_brute_force_test" storage="c:\documents and settings\plocke\my documents\my dropbox\sudokusolver\tests\bin\debug\tests.dll" id="060079a3-f240-85b7-576f-b9e45c0dbcfb">
      <Execution id="6a9db6a6-d3d6-4901-aaf1-3e8709025eb6" />
      <TestMethod codeBase="C:\Documents and Settings\plocke\My Documents\My Dropbox\SudokuSolver\Tests\bin\Debug\Tests.dll" adapterTypeName="Microsoft.VisualStudio.TestTools.TestTypes.Unit.UnitTestAdapter, Microsoft.VisualStudio.QualityTools.Tips.UnitTest.Adapter, Version=10.0.0.0, Culture=neutral, PublicKeyToken=b03f5f7f11d50a3a" className="Tests.SolverTest, Tests" name="solve_evil_with_brute_force_test" />
    </UnitTest>
    <UnitTest name="grid_to_string" storage="c:\documents and settings\plocke\my documents\my dropbox\sudokusolver\tests\bin\debug\tests.dll" id="4b3be3d2-f8b5-2334-36dc-b63f181b8b67">
      <Execution id="f901802b-b6df-4315-8a0e-50b23ebc25cc" />
      <TestMethod codeBase="C:\Documents and Settings\plocke\My Documents\My Dropbox\SudokuSolver\Tests\bin\Debug\Tests.dll" adapterTypeName="Microsoft.VisualStudio.TestTools.TestTypes.Unit.UnitTestAdapter, Microsoft.VisualStudio.QualityTools.Tips.UnitTest.Adapter, Version=10.0.0.0, Culture=neutral, PublicKeyToken=b03f5f7f11d50a3a" className="Tests.GridTest, Tests" name="grid_to_string" />
    </UnitTest>
  </TestDefinitions>
  <TestLists>
    <TestList name="Results Not in a List" id="8c84fa94-04c1-424b-9868-57a2d4851a1d" />
    <TestList name="All Loaded Results" id="19431567-8539-422a-85d7-44ee4e166bda" />
  </TestLists>
  <TestEntries>
    <TestEntry testId="037fdeeb-8cc5-15a0-13b3-210788b5f421" executionId="99b850a5-133d-4be0-b349-b7898ecfaf43" testListId="8c84fa94-04c1-424b-9868-57a2d4851a1d" />
    <TestEntry testId="060079a3-f240-85b7-576f-b9e45c0dbcfb" executionId="6a9db6a6-d3d6-4901-aaf1-3e8709025eb6" testListId="8c84fa94-04c1-424b-9868-57a2d4851a1d" />
    <TestEntry testId="1a01e16f-6a16-0a34-4b84-ddc9b631541b" executionId="c4af7e7c-5d9e-4841-abb9-eba85f258ff1" testListId="8c84fa94-04c1-424b-9868-57a2d4851a1d" />
    <TestEntry testId="1cf8ad87-d904-81b2-c034-3d6f9eb0c206" executionId="6b790823-1d81-4787-91bd-b61edc482f51" testListId="8c84fa94-04c1-424b-9868-57a2d4851a1d" />
    <TestEntry testId="3516c277-bcf6-13ac-9e1d-43b24459828b" executionId="ba6bf328-9823-46ef-8059-89bf5378ab01" testListId="8c84fa94-04c1-424b-9868-57a2d4851a1d" />
    <TestEntry testId="38076ad9-a778-93a0-3b94-f861ef568dd0" executionId="8315f7be-5ac0-4519-9cea-bfc80ab640b5" testListId="8c84fa94-04c1-424b-9868-57a2d4851a1d" />
    <TestEntry testId="3f28a37f-5e35-afa7-bcd8-53796e12d019" executionId="ded6c33b-ebb8-49f9-84ce-ccdccaa6f74f" testListId="8c84fa94-04c1-424b-9868-57a2d4851a1d" />
    <TestEntry testId="42185e4f-fba5-b13e-e87b-bf6ee9f6b57a" executionId="9fb6c791-1ee7-43ff-89af-1ed57095d9e2" testListId="8c84fa94-04c1-424b-9868-57a2d4851a1d" />
    <TestEntry testId="45956fa6-1f6e-e559-2fa3-9cb9e4462286" executionId="396e4272-0381-4629-ad20-3290c5cb13af" testListId="8c84fa94-04c1-424b-9868-57a2d4851a1d" />
    <TestEntry testId="4b3be3d2-f8b5-2334-36dc-b63f181b8b67" executionId="f901802b-b6df-4315-8a0e-50b23ebc25cc" testListId="8c84fa94-04c1-424b-9868-57a2d4851a1d" />
    <TestEntry testId="5aa1415c-cb70-7e4c-015c-55f6f91bf315" executionId="51f07522-d9b9-4a36-a068-ebcde0bcc728" testListId="8c84fa94-04c1-424b-9868-57a2d4851a1d" />
    <TestEntry testId="63b92d21-dd62-a201-65b6-ffee7ae66124" executionId="874e9334-7a08-41bd-a4c8-b2725a175cc9" testListId="8c84fa94-04c1-424b-9868-57a2d4851a1d" />
    <TestEntry testId="6cbe25d8-fa90-3d6f-0b42-af20aaac3195" executionId="b3deb2d2-c543-499a-8b93-55a5b13c13ee" testListId="8c84fa94-04c1-424b-9868-57a2d4851a1d" />
    <TestEntry testId="774600c6-52b9-0762-68e7-fcbcdb6b0895" executionId="46b72166-2d2a-4698-b869-328ecbacdb84" testListId="8c84fa94-04c1-424b-9868-57a2d4851a1d" />
    <TestEntry testId="7d4e23b1-5a66-74a5-7c71-7576c74dab77" executionId="7f56c21b-5bd4-48d6-b31a-822a5a7cb07d" testListId="8c84fa94-04c1-424b-9868-57a2d4851a1d" />
    <TestEntry testId="80123aba-588b-d529-f865-401414bce5fe" executionId="6efd378d-2a60-44cd-ab02-482fd0f5da76" testListId="8c84fa94-04c1-424b-9868-57a2d4851a1d" />
    <TestEntry testId="85fe9f7f-c539-a291-bb10-291cdb103ff3" executionId="cc78faf9-07c6-4f1a-aa88-3ca575dd7339" testListId="8c84fa94-04c1-424b-9868-57a2d4851a1d" />
    <TestEntry testId="87783e61-37cd-6c96-5308-ee61a5090e8e" executionId="312503cb-0275-4500-bedd-09a4bcb4d841" testListId="8c84fa94-04c1-424b-9868-57a2d4851a1d" />
    <TestEntry testId="8a260ca6-3ed1-0146-eefb-32c640dcc2c1" executionId="4179bc35-0c7b-4491-9c80-70422da8141a" testListId="8c84fa94-04c1-424b-9868-57a2d4851a1d" />
    <TestEntry testId="8ae0ddc5-e013-7c99-fb85-b54bee06e566" executionId="68615942-8fb7-457c-9d73-ae80e8d47d6e" testListId="8c84fa94-04c1-424b-9868-57a2d4851a1d" />
    <TestEntry testId="8d230e59-e3bc-0c2c-ded1-1b4ec89fac03" executionId="ee1760e6-42a3-4301-9d8a-9c0c119faebd" testListId="8c84fa94-04c1-424b-9868-57a2d4851a1d" />
    <TestEntry testId="91a3a51f-4ca5-d33c-0a7c-fb35883de1f1" executionId="25fac9a0-c517-4290-877e-c65cf81c79af" testListId="8c84fa94-04c1-424b-9868-57a2d4851a1d" />
    <TestEntry testId="9728d8dc-2c1f-eae3-69bb-0598a58596ff" executionId="422e1439-b033-49ac-828c-0b74d8a79133" testListId="8c84fa94-04c1-424b-9868-57a2d4851a1d" />
    <TestEntry testId="a264f3c0-0eb2-f7c2-720f-98c860c74c88" executionId="a9c7f0fd-6c8e-48fd-8103-5041426046d9" testListId="8c84fa94-04c1-424b-9868-57a2d4851a1d" />
    <TestEntry testId="a8ab2788-7bd7-40eb-4191-949ced236ffc" executionId="2c43a654-1309-44c0-aba2-b12b69ead3d8" testListId="8c84fa94-04c1-424b-9868-57a2d4851a1d" />
    <TestEntry testId="c2a9cb24-da84-dabd-ebef-e715c43ff7ff" executionId="98aff3ff-97df-4b38-96e9-271c050bfcd0" testListId="8c84fa94-04c1-424b-9868-57a2d4851a1d" />
    <TestEntry testId="ea60075d-4a72-61f9-24cb-77037a7c05a6" executionId="29fbd19e-8a1a-4eeb-94b3-2a1c54fed1b8" testListId="8c84fa94-04c1-424b-9868-57a2d4851a1d" />
    <TestEntry testId="f3b1fb54-ec21-1172-e4a2-250ae8db93b1" executionId="1b02f56c-b1f1-4a73-a736-2cc7483591da" testListId="8c84fa94-04c1-424b-9868-57a2d4851a1d" />
    <TestEntry testId="fe8ba9a5-e461-4d1a-63f1-5567f58780e1" executionId="d27ca606-7299-46c7-b32f-e58370033bd8" testListId="8c84fa94-04c1-424b-9868-57a2d4851a1d" />
  </TestEntries>
  <Results>
    <UnitTestResult executionId="99b850a5-133d-4be0-b349-b7898ecfaf43" testId="037fdeeb-8cc5-15a0-13b3-210788b5f421" testName="Get_answered" computerName="25GJB51-2" duration="00:00:00.0366490" startTime="2011-04-01T12:59:44.7056900-05:00" endTime="2011-04-01T12:59:47.5338331-05:00" testType="13cdc9d9-ddb5-4fa4-a97d-d965ccfc6d4b" outcome="Passed" testListId="8c84fa94-04c1-424b-9868-57a2d4851a1d" relativeResultsDirectory="99b850a5-133d-4be0-b349-b7898ecfaf43">
    </UnitTestResult>
    <UnitTestResult executionId="6a9db6a6-d3d6-4901-aaf1-3e8709025eb6" testId="060079a3-f240-85b7-576f-b9e45c0dbcfb" testName="solve_evil_with_brute_force_test" computerName="25GJB51-2" duration="00:00:00.6660470" startTime="2011-04-01T12:59:47.5963335-05:00" endTime="2011-04-01T12:59:48.2682128-05:00" testType="13cdc9d9-ddb5-4fa4-a97d-d965ccfc6d4b" outcome="Passed" testListId="8c84fa94-04c1-424b-9868-57a2d4851a1d" relativeResultsDirectory="6a9db6a6-d3d6-4901-aaf1-3e8709025eb6">
      <Output>
        <DebugTrace>57842836561684324351941828583272436167754948245612435639275782391219758436879366786154898341239873952149871821463652869368154469387312148897671489765272526312854236863759598681544383123693519768471214286793295846861542131463786798689253163971129712921483594271812337297667988198386433459127376291219241592223463786796883197112153629712921495829327148681542131463786798689719318129259427381472393625612337299798768368783433421492126719565159192223463786798871973181954221253682914292397138546213823176975486154638312914798765958238219167394523984121397687938615441463831291389876569348297625525869368154463873129147985766689354217529382182394312683729755921555511975954299181377689486386862874132361461571839146839857647829786152592614324138631868292634952749841335967719527598674683829786152613493148139146186832926349529867534187498759183895275967868154634143621394128979183794961475283786518666234199723414752857689286815963414317236148681525758673297614313414164251975954183768986347826143291431215686813952614783876861623419143128878676816341413289723146162138179793861544146383129138987656934829762552539241975368242631729519983175986764983874123126386841923186836862841971594715764319158986386826341931594715769587412995175986746836862841971953641281559548232686168371419767894139813959432868153683715867419724161932841239876872398615476568379138214714316341651958623681547569739138786214714316341651958681239545412376126384638678965957193481527938147291923</DebugTrace>
      </Output>
    </UnitTestResult>
    <UnitTestResult executionId="c4af7e7c-5d9e-4841-abb9-eba85f258ff1" testId="1a01e16f-6a16-0a34-4b84-ddc9b631541b" testName="GetMatchingTilesTest" computerName="25GJB51-2" duration="00:00:00.0974995" startTime="2011-04-01T12:59:48.2994630-05:00" endTime="2011-04-01T12:59:48.4088387-05:00" testType="13cdc9d9-ddb5-4fa4-a97d-d965ccfc6d4b" outcome="Passed" testListId="8c84fa94-04c1-424b-9868-57a2d4851a1d" relativeResultsDirectory="c4af7e7c-5d9e-4841-abb9-eba85f258ff1">
    </UnitTestResult>
    <UnitTestResult executionId="6b790823-1d81-4787-91bd-b61edc482f51" testId="1cf8ad87-d904-81b2-c034-3d6f9eb0c206" testName="cannot_solve_puzzle_too_hard" computerName="25GJB51-2" duration="00:00:00.3135617" startTime="2011-04-01T12:59:48.4557140-05:00" endTime="2011-04-01T12:59:48.7994662-05:00" testType="13cdc9d9-ddb5-4fa4-a97d-d965ccfc6d4b" outcome="Passed" testListId="8c84fa94-04c1-424b-9868-57a2d4851a1d" relativeResultsDirectory="6b790823-1d81-4787-91bd-b61edc482f51">
      <Output>
        <DebugTrace>578428365616843243519418285832724361677549482456124356392757847465518949</DebugTrace>
      </Output>
    </UnitTestResult>
    <UnitTestResult executionId="ba6bf328-9823-46ef-8059-89bf5378ab01" testId="3516c277-bcf6-13ac-9e1d-43b24459828b" testName="find_tile" computerName="25GJB51-2" duration="00:00:00.0117134" startTime="2011-04-01T12:59:48.8307164-05:00" endTime="2011-04-01T12:59:48.8619666-05:00" testType="13cdc9d9-ddb5-4fa4-a97d-d965ccfc6d4b" outcome="Passed" testListId="8c84fa94-04c1-424b-9868-57a2d4851a1d" relativeResultsDirectory="ba6bf328-9823-46ef-8059-89bf5378ab01">
      <Output>
        <DebugTrace>57842836561684324351941828583272436</DebugTrace>
      </Output>
    </UnitTestResult>
    <UnitTestResult executionId="8315f7be-5ac0-4519-9cea-bfc80ab640b5" testId="38076ad9-a778-93a0-3b94-f861ef568dd0" testName="solve_with_XWing" computerName="25GJB51-2" duration="00:00:00.7682433" startTime="2011-04-01T12:59:48.8775917-05:00" endTime="2011-04-01T12:59:49.6744718-05:00" testType="13cdc9d9-ddb5-4fa4-a97d-d965ccfc6d4b" outcome="Passed" testListId="8c84fa94-04c1-424b-9868-57a2d4851a1d" relativeResultsDirectory="8315f7be-5ac0-4519-9cea-bfc80ab640b5">
      <Output>
        <DebugTrace>57842836561684324351941828583272436167754948245612435639275784746551894999793582354146387131231286867829127392683615</DebugTrace>
      </Output>
    </UnitTestResult>
    <UnitTestResult executionId="ded6c33b-ebb8-49f9-84ce-ccdccaa6f74f" testId="3f28a37f-5e35-afa7-bcd8-53796e12d019" testName="find_column" computerName="25GJB51-2" duration="00:00:00.0117067" startTime="2011-04-01T12:59:49.7057220-05:00" endTime="2011-04-01T12:59:49.7369722-05:00" testType="13cdc9d9-ddb5-4fa4-a97d-d965ccfc6d4b" outcome="Passed" testListId="8c84fa94-04c1-424b-9868-57a2d4851a1d" relativeResultsDirectory="ded6c33b-ebb8-49f9-84ce-ccdccaa6f74f">
      <Output>
        <DebugTrace>57842836561684324351941828583272436</DebugTrace>
      </Output>
    </UnitTestResult>
    <UnitTestResult executionId="9fb6c791-1ee7-43ff-89af-1ed57095d9e2" testId="42185e4f-fba5-b13e-e87b-bf6ee9f6b57a" testName="get_tile_possible_answers" computerName="25GJB51-2" duration="00:00:00.0025071" startTime="2011-04-01T12:59:49.7994726-05:00" endTime="2011-04-01T12:59:49.8150977-05:00" testType="13cdc9d9-ddb5-4fa4-a97d-d965ccfc6d4b" outcome="Passed" testListId="8c84fa94-04c1-424b-9868-57a2d4851a1d" relativeResultsDirectory="9fb6c791-1ee7-43ff-89af-1ed57095d9e2">
    </UnitTestResult>
    <UnitTestResult executionId="396e4272-0381-4629-ad20-3290c5cb13af" testId="45956fa6-1f6e-e559-2fa3-9cb9e4462286" testName="get_tile_answer_negative" computerName="25GJB51-2" duration="00:00:00.0025904" startTime="2011-04-01T12:59:49.8307228-05:00" endTime="2011-04-01T12:59:49.8463479-05:00" testType="13cdc9d9-ddb5-4fa4-a97d-d965ccfc6d4b" outcome="Passed" testListId="8c84fa94-04c1-424b-9868-57a2d4851a1d" relativeResultsDirectory="396e4272-0381-4629-ad20-3290c5cb13af">
    </UnitTestResult>
    <UnitTestResult executionId="f901802b-b6df-4315-8a0e-50b23ebc25cc" testId="4b3be3d2-f8b5-2334-36dc-b63f181b8b67" testName="grid_to_string" computerName="25GJB51-2" duration="00:00:00.0122127" startTime="2011-04-01T12:59:49.8619730-05:00" endTime="2011-04-01T12:59:49.8932232-05:00" testType="13cdc9d9-ddb5-4fa4-a97d-d965ccfc6d4b" outcome="Passed" testListId="8c84fa94-04c1-424b-9868-57a2d4851a1d" relativeResultsDirectory="f901802b-b6df-4315-8a0e-50b23ebc25cc">
      <Output>
        <DebugTrace>57842836561684324351941828583272436</DebugTrace>
      </Output>
    </UnitTestResult>
    <UnitTestResult executionId="51f07522-d9b9-4a36-a068-ebcde0bcc728" testId="5aa1415c-cb70-7e4c-015c-55f6f91bf315" testName="is_not_solved" computerName="25GJB51-2" duration="00:00:00.0059626" startTime="2011-04-01T12:59:49.9088483-05:00" endTime="2011-04-01T12:59:49.9244734-05:00" testType="13cdc9d9-ddb5-4fa4-a97d-d965ccfc6d4b" outcome="Passed" testListId="8c84fa94-04c1-424b-9868-57a2d4851a1d" relativeResultsDirectory="51f07522-d9b9-4a36-a068-ebcde0bcc728">
      <Output>
        <DebugTrace>57842836561684324351941828583272436</DebugTrace>
      </Output>
    </UnitTestResult>
    <UnitTestResult executionId="874e9334-7a08-41bd-a4c8-b2725a175cc9" testId="63b92d21-dd62-a201-65b6-ffee7ae66124" testName="cannot_solve_invalid_puzzle" computerName="25GJB51-2" duration="00:00:00.1741487" startTime="2011-04-01T12:59:49.9869738-05:00" endTime="2011-04-01T12:59:50.1901001-05:00" testType="13cdc9d9-ddb5-4fa4-a97d-d965ccfc6d4b" outcome="Passed" testListId="8c84fa94-04c1-424b-9868-57a2d4851a1d" relativeResultsDirectory="874e9334-7a08-41bd-a4c8-b2725a175cc9">
      <Output>
        <DebugTrace>578428365616843243519418285832724361677549468245651243456392757823912831192541854783189468697678596783196329141323723298213111792541854996883282323624367384138787698875239841128311925419783182319763291468678396749678523821381681452391754239121839798756473919368489368792932841128323222787639871938957168869344819632917518681453239533218121529718939732136492831997676788784932128325841321286866329343197151978796769784297831</DebugTrace>
      </Output>
    </UnitTestResult>
    <UnitTestResult executionId="b3deb2d2-c543-499a-8b93-55a5b13c13ee" testId="6cbe25d8-fa90-3d6f-0b42-af20aaac3195" testName="Set_Tile_Group" computerName="25GJB51-2" duration="00:00:00.0028576" startTime="2011-04-01T12:59:50.2213503-05:00" endTime="2011-04-01T12:59:50.2369754-05:00" testType="13cdc9d9-ddb5-4fa4-a97d-d965ccfc6d4b" outcome="Passed" testListId="8c84fa94-04c1-424b-9868-57a2d4851a1d" relativeResultsDirectory="b3deb2d2-c543-499a-8b93-55a5b13c13ee">
    </UnitTestResult>
    <UnitTestResult executionId="46b72166-2d2a-4698-b869-328ecbacdb84" testId="774600c6-52b9-0762-68e7-fcbcdb6b0895" testName="verify_test" computerName="25GJB51-2" duration="00:00:00.0180510" startTime="2011-04-01T12:59:50.2994758-05:00" endTime="2011-04-01T12:59:50.3463511-05:00" testType="13cdc9d9-ddb5-4fa4-a97d-d965ccfc6d4b" outcome="Passed" testListId="8c84fa94-04c1-424b-9868-57a2d4851a1d" relativeResultsDirectory="46b72166-2d2a-4698-b869-328ecbacdb84">
      <Output>
        <DebugTrace>57842836561684324351941828583272436182369457376254981459817632247538169938146725615792843721485396863921574594673218</DebugTrace>
      </Output>
    </UnitTestResult>
    <UnitTestResult executionId="7f56c21b-5bd4-48d6-b31a-822a5a7cb07d" testId="7d4e23b1-5a66-74a5-7c71-7576c74dab77" testName="solve_need_subgroup_reduction" computerName="25GJB51-2" duration="00:00:00.1555722" startTime="2011-04-01T12:59:50.3619762-05:00" endTime="2011-04-01T12:59:50.5338523-05:00" testType="13cdc9d9-ddb5-4fa4-a97d-d965ccfc6d4b" outcome="Passed" testListId="8c84fa94-04c1-424b-9868-57a2d4851a1d" relativeResultsDirectory="7f56c21b-5bd4-48d6-b31a-822a5a7cb07d">
      <Output>
        <DebugTrace>57842836561684324351941828583272436215871295344527517348269576919355623484187637964375634566121683492181987929483872</DebugTrace>
      </Output>
    </UnitTestResult>
    <UnitTestResult executionId="6efd378d-2a60-44cd-ab02-482fd0f5da76" testId="80123aba-588b-d529-f865-401414bce5fe" testName="is_solved" computerName="25GJB51-2" duration="00:00:00.0079941" startTime="2011-04-01T12:59:50.5807276-05:00" endTime="2011-04-01T12:59:50.6119778-05:00" testType="13cdc9d9-ddb5-4fa4-a97d-d965ccfc6d4b" outcome="Passed" testListId="8c84fa94-04c1-424b-9868-57a2d4851a1d" relativeResultsDirectory="6efd378d-2a60-44cd-ab02-482fd0f5da76">
      <Output>
        <DebugTrace>57842836561684324351941828583272436957849992998369599699999999916998943992435199949199829999999998995983299799924369</DebugTrace>
      </Output>
    </UnitTestResult>
    <UnitTestResult executionId="cc78faf9-07c6-4f1a-aa88-3ca575dd7339" testId="85fe9f7f-c539-a291-bb10-291cdb103ff3" testName="tile_is_solved" computerName="25GJB51-2" duration="00:00:00.0071700" startTime="2011-04-01T12:59:50.6432280-05:00" endTime="2011-04-01T12:59:50.6588531-05:00" testType="13cdc9d9-ddb5-4fa4-a97d-d965ccfc6d4b" outcome="Passed" testListId="8c84fa94-04c1-424b-9868-57a2d4851a1d" relativeResultsDirectory="cc78faf9-07c6-4f1a-aa88-3ca575dd7339">
    </UnitTestResult>
    <UnitTestResult executionId="312503cb-0275-4500-bedd-09a4bcb4d841" testId="87783e61-37cd-6c96-5308-ee61a5090e8e" testName="find_group" computerName="25GJB51-2" duration="00:00:00.0055462" startTime="2011-04-01T12:59:50.6901033-05:00" endTime="2011-04-01T12:59:50.7057284-05:00" testType="13cdc9d9-ddb5-4fa4-a97d-d965ccfc6d4b" outcome="Passed" testListId="8c84fa94-04c1-424b-9868-57a2d4851a1d" relativeResultsDirectory="312503cb-0275-4500-bedd-09a4bcb4d841">
      <Output>
        <DebugTrace>57842836561684324351941828583272436</DebugTrace>
      </Output>
    </UnitTestResult>
    <UnitTestResult executionId="4179bc35-0c7b-4491-9c80-70422da8141a" testId="8a260ca6-3ed1-0146-eefb-32c640dcc2c1" testName="solve_medium" computerName="25GJB51-2" duration="00:00:00.1557230" startTime="2011-04-01T12:59:50.7369786-05:00" endTime="2011-04-01T12:59:50.9088547-05:00" testType="13cdc9d9-ddb5-4fa4-a97d-d965ccfc6d4b" outcome="Passed" testListId="8c84fa94-04c1-424b-9868-57a2d4851a1d" relativeResultsDirectory="4179bc35-0c7b-4491-9c80-70422da8141a">
      <Output>
        <DebugTrace>57842836561684324351941828583272436489137585975624493349175852163439871248572186258983686963725524243763194161767291</DebugTrace>
      </Output>
    </UnitTestResult>
    <UnitTestResult executionId="68615942-8fb7-457c-9d73-ae80e8d47d6e" testId="8ae0ddc5-e013-7c99-fb85-b54bee06e566" testName="get_set_tile_answer" computerName="25GJB51-2" duration="00:00:00.0025933" startTime="2011-04-01T12:59:50.9401049-05:00" endTime="2011-04-01T12:59:50.9713551-05:00" testType="13cdc9d9-ddb5-4fa4-a97d-d965ccfc6d4b" outcome="Passed" testListId="8c84fa94-04c1-424b-9868-57a2d4851a1d" relativeResultsDirectory="68615942-8fb7-457c-9d73-ae80e8d47d6e">
    </UnitTestResult>
    <UnitTestResult executionId="ee1760e6-42a3-4301-9d8a-9c0c119faebd" testId="8d230e59-e3bc-0c2c-ded1-1b4ec89fac03" testName="remove_possible_answers" computerName="25GJB51-2" duration="00:00:00.0064794" startTime="2011-04-01T12:59:50.9869802-05:00" endTime="2011-04-01T12:59:51.0182304-05:00" testType="13cdc9d9-ddb5-4fa4-a97d-d965ccfc6d4b" outcome="Passed" testListId="8c84fa94-04c1-424b-9868-57a2d4851a1d" relativeResultsDirectory="ee1760e6-42a3-4301-9d8a-9c0c119faebd">
    </UnitTestResult>
    <UnitTestResult executionId="25fac9a0-c517-4290-877e-c65cf81c79af" testId="91a3a51f-4ca5-d33c-0a7c-fb35883de1f1" testName="find_row" computerName="25GJB51-2" duration="00:00:00.0091225" startTime="2011-04-01T12:59:51.0494806-05:00" endTime="2011-04-01T12:59:51.0651057-05:00" testType="13cdc9d9-ddb5-4fa4-a97d-d965ccfc6d4b" outcome="Passed" testListId="8c84fa94-04c1-424b-9868-57a2d4851a1d" relativeResultsDirectory="25fac9a0-c517-4290-877e-c65cf81c79af">
      <Output>
        <DebugTrace>57842836561684324351941828583272436</DebugTrace>
      </Output>
    </UnitTestResult>
    <UnitTestResult executionId="422e1439-b033-49ac-828c-0b74d8a79133" testId="9728d8dc-2c1f-eae3-69bb-0598a58596ff" testName="MyTestInitialize" computerName="25GJB51-2" duration="00:00:00.0112814" startTime="2011-04-01T12:59:51.1119810-05:00" endTime="2011-04-01T12:59:51.1432312-05:00" testType="13cdc9d9-ddb5-4fa4-a97d-d965ccfc6d4b" outcome="Passed" testListId="8c84fa94-04c1-424b-9868-57a2d4851a1d" relativeResultsDirectory="422e1439-b033-49ac-828c-0b74d8a79133">
      <Output>
        <DebugTrace>5784283656168432435194182858327243657842836561684324351941828583272436</DebugTrace>
      </Output>
    </UnitTestResult>
    <UnitTestResult executionId="a9c7f0fd-6c8e-48fd-8103-5041426046d9" testId="a264f3c0-0eb2-f7c2-720f-98c860c74c88" testName="load_strategies" computerName="25GJB51-2" duration="00:00:00.0166137" startTime="2011-04-01T12:59:51.1901065-05:00" endTime="2011-04-01T12:59:51.2213567-05:00" testType="13cdc9d9-ddb5-4fa4-a97d-d965ccfc6d4b" outcome="Passed" testListId="8c84fa94-04c1-424b-9868-57a2d4851a1d" relativeResultsDirectory="a9c7f0fd-6c8e-48fd-8103-5041426046d9">
      <Output>
        <DebugTrace>578428365616843243519418285832724364765397295278461143259845328</DebugTrace>
      </Output>
    </UnitTestResult>
    <UnitTestResult executionId="2c43a654-1309-44c0-aba2-b12b69ead3d8" testId="a8ab2788-7bd7-40eb-4191-949ced236ffc" testName="GetUniqueAnswersTest" computerName="25GJB51-2" duration="00:00:00.0045859" startTime="2011-04-01T12:59:51.2526069-05:00" endTime="2011-04-01T12:59:51.2682320-05:00" testType="13cdc9d9-ddb5-4fa4-a97d-d965ccfc6d4b" outcome="Passed" testListId="8c84fa94-04c1-424b-9868-57a2d4851a1d" relativeResultsDirectory="2c43a654-1309-44c0-aba2-b12b69ead3d8">
    </UnitTestResult>
    <UnitTestResult executionId="98aff3ff-97df-4b38-96e9-271c050bfcd0" testId="c2a9cb24-da84-dabd-ebef-e715c43ff7ff" testName="MyTestInitialize" computerName="25GJB51-2" duration="00:00:00.0110580" startTime="2011-04-01T12:59:51.2994822-05:00" endTime="2011-04-01T12:59:51.3151073-05:00" testType="13cdc9d9-ddb5-4fa4-a97d-d965ccfc6d4b" outcome="Passed" testListId="8c84fa94-04c1-424b-9868-57a2d4851a1d" relativeResultsDirectory="98aff3ff-97df-4b38-96e9-271c050bfcd0">
      <Output>
        <DebugTrace>5784283656168432435194182858327243657842836561684324351941828583272436</DebugTrace>
      </Output>
    </UnitTestResult>
    <UnitTestResult executionId="29fbd19e-8a1a-4eeb-94b3-2a1c54fed1b8" testId="ea60075d-4a72-61f9-24cb-77037a7c05a6" testName="Initialize_Tile" computerName="25GJB51-2" duration="00:00:00.0031292" startTime="2011-04-01T12:59:51.3463575-05:00" endTime="2011-04-01T12:59:51.3619826-05:00" testType="13cdc9d9-ddb5-4fa4-a97d-d965ccfc6d4b" outcome="Passed" testListId="8c84fa94-04c1-424b-9868-57a2d4851a1d" relativeResultsDirectory="29fbd19e-8a1a-4eeb-94b3-2a1c54fed1b8">
    </UnitTestResult>
    <UnitTestResult executionId="1b02f56c-b1f1-4a73-a736-2cc7483591da" testId="f3b1fb54-ec21-1172-e4a2-250ae8db93b1" testName="solve_easy" computerName="25GJB51-2" duration="00:00:00.0510274" startTime="2011-04-01T12:59:51.4088579-05:00" endTime="2011-04-01T12:59:51.4713583-05:00" testType="13cdc9d9-ddb5-4fa4-a97d-d965ccfc6d4b" outcome="Passed" testListId="8c84fa94-04c1-424b-9868-57a2d4851a1d" relativeResultsDirectory="1b02f56c-b1f1-4a73-a736-2cc7483591da">
      <Output>
        <DebugTrace>57842836561684324351941828583272436476539729527846114325984532891684234593718183673154325142965736787169459862621789</DebugTrace>
      </Output>
    </UnitTestResult>
    <UnitTestResult executionId="d27ca606-7299-46c7-b32f-e58370033bd8" testId="fe8ba9a5-e461-4d1a-63f1-5567f58780e1" testName="solve_evil_test_no_brute_force" computerName="25GJB51-2" duration="00:00:00.7854936" startTime="2011-04-01T12:59:51.5026085-05:00" endTime="2011-04-01T12:59:52.3151137-05:00" testType="13cdc9d9-ddb5-4fa4-a97d-d965ccfc6d4b" outcome="Passed" testListId="8c84fa94-04c1-424b-9868-57a2d4851a1d" relativeResultsDirectory="d27ca606-7299-46c7-b32f-e58370033bd8">
      <Output>
        <DebugTrace>57842836561684324351941828583272436167754948245612435639275784746551894999793582354146387131231286867829127392683615</DebugTrace>
      </Output>
    </UnitTestResult>
  </Results>
</TestRun>